{"D:\\Huzaifa\\timeoff-system\\backend\\src\\app.module.ts": {"path":"D:\\Huzaifa\\timeoff-system\\backend\\src\\app.module.ts","statementMap":{"0":{"start":{"line":1,"column":0},"end":{"line":1,"column":40}},"1":{"start":{"line":2,"column":0},"end":{"line":2,"column":61}},"2":{"start":{"line":3,"column":0},"end":{"line":3,"column":50}},"3":{"start":{"line":4,"column":0},"end":{"line":4,"column":48}},"4":{"start":{"line":5,"column":0},"end":{"line":5,"column":48}},"5":{"start":{"line":6,"column":0},"end":{"line":6,"column":54}},"6":{"start":{"line":7,"column":0},"end":{"line":7,"column":63}},"7":{"start":{"line":8,"column":0},"end":{"line":8,"column":63}},"8":{"start":{"line":9,"column":0},"end":{"line":9,"column":53}},"9":{"start":{"line":10,"column":0},"end":{"line":10,"column":51}},"10":{"start":{"line":11,"column":0},"end":{"line":11,"column":52}},"11":{"start":{"line":12,"column":0},"end":{"line":12,"column":48}},"12":{"start":{"line":41,"column":7},"end":{"line":41,"column":null}},"13":{"start":{"line":41,"column":13},"end":{"line":41,"column":22}},"14":{"start":{"line":41,"column":13},"end":{"line":41,"column":null}},"15":{"start":{"line":21,"column":23},"end":{"line":21,"column":56}},"16":{"start":{"line":22,"column":25},"end":{"line":22,"column":74}},"17":{"start":{"line":24,"column":8},"end":{"line":30,"column":10}}},"fnMap":{"0":{"name":"(anonymous_1)","decl":{"start":{"line":20,"column":18},"end":{"line":20,"column":19}},"loc":{"start":{"line":20,"column":44},"end":{"line":31,"column":7}}}},"branchMap":{"0":{"loc":{"start":{"line":22,"column":25},"end":{"line":22,"column":74}},"type":"binary-expr","locations":[{"start":{"line":22,"column":25},"end":{"line":22,"column":58}},{"start":{"line":22,"column":62},"end":{"line":22,"column":74}}]},"1":{"loc":{"start":{"line":26,"column":20},"end":{"line":26,"column":50}},"type":"cond-expr","locations":[{"start":{"line":26,"column":29},"end":{"line":26,"column":39}},{"start":{"line":26,"column":42},"end":{"line":26,"column":50}}]}},"s":{"0":0,"1":0,"2":0,"3":0,"4":0,"5":0,"6":0,"7":0,"8":0,"9":0,"10":0,"11":0,"12":0,"13":0,"14":0,"15":0,"16":0,"17":0},"f":{"0":0},"b":{"0":[0,0],"1":[0,0]}}
,"D:\\Huzaifa\\timeoff-system\\backend\\src\\main.ts": {"path":"D:\\Huzaifa\\timeoff-system\\backend\\src\\main.ts","statementMap":{"0":{"start":{"line":1,"column":0},"end":{"line":1,"column":null}},"1":{"start":{"line":10,"column":0},"end":{"line":10,"column":43}},"2":{"start":{"line":12,"column":0},"end":{"line":12,"column":41}},"3":{"start":{"line":13,"column":0},"end":{"line":13,"column":92}},"4":{"start":{"line":14,"column":0},"end":{"line":14,"column":39}},"5":{"start":{"line":17,"column":0},"end":{"line":36,"column":null}},"6":{"start":{"line":19,"column":16},"end":{"line":19,"column":35}},"7":{"start":{"line":20,"column":21},"end":{"line":20,"column":48}},"8":{"start":{"line":23,"column":6},"end":{"line":25,"column":42}},"9":{"start":{"line":28,"column":6},"end":{"line":30,"column":33}},"10":{"start":{"line":32,"column":23},"end":{"line":32,"column":99}},"11":{"start":{"line":34,"column":4},"end":{"line":34,"column":72}},"12":{"start":{"line":17,"column":6},"end":{"line":36,"column":null}},"13":{"start":{"line":39,"column":0},"end":{"line":48,"column":null}},"14":{"start":{"line":41,"column":4},"end":{"line":46,"column":6}},"15":{"start":{"line":43,"column":8},"end":{"line":43,"column":79}},"16":{"start":{"line":43,"column":67},"end":{"line":43,"column":79}},"17":{"start":{"line":44,"column":8},"end":{"line":44,"column":39}},"18":{"start":{"line":39,"column":6},"end":{"line":48,"column":null}},"19":{"start":{"line":51,"column":14},"end":{"line":51,"column":49}},"20":{"start":{"line":53,"column":2},"end":{"line":53,"column":34}},"21":{"start":{"line":54,"column":2},"end":{"line":54,"column":62}},"22":{"start":{"line":55,"column":2},"end":{"line":55,"column":56}},"23":{"start":{"line":56,"column":2},"end":{"line":56,"column":62}},"24":{"start":{"line":58,"column":15},"end":{"line":58,"column":47}},"25":{"start":{"line":59,"column":2},"end":{"line":59,"column":25}},"26":{"start":{"line":60,"column":2},"end":{"line":60,"column":61}},"27":{"start":{"line":62,"column":0},"end":{"line":62,"column":12}}},"fnMap":{"0":{"name":"(anonymous_1)","decl":{"start":{"line":18,"column":2},"end":{"line":18,"column":7}},"loc":{"start":{"line":18,"column":47},"end":{"line":35,"column":3}}},"1":{"name":"(anonymous_2)","decl":{"start":{"line":40,"column":2},"end":{"line":40,"column":11}},"loc":{"start":{"line":40,"column":57},"end":{"line":47,"column":3}}},"2":{"name":"(anonymous_3)","decl":{"start":{"line":42,"column":10},"end":{"line":42,"column":11}},"loc":{"start":{"line":42,"column":19},"end":{"line":45,"column":7}}},"3":{"name":"bootstrap","decl":{"start":{"line":50,"column":15},"end":{"line":50,"column":24}},"loc":{"start":{"line":50,"column":24},"end":{"line":61,"column":1}}}},"branchMap":{"0":{"loc":{"start":{"line":23,"column":6},"end":{"line":25,"column":42}},"type":"cond-expr","locations":[{"start":{"line":24,"column":10},"end":{"line":24,"column":31}},{"start":{"line":25,"column":10},"end":{"line":25,"column":42}}]},"1":{"loc":{"start":{"line":28,"column":6},"end":{"line":30,"column":33}},"type":"cond-expr","locations":[{"start":{"line":29,"column":11},"end":{"line":29,"column":72}},{"start":{"line":30,"column":10},"end":{"line":30,"column":33}}]},"2":{"loc":{"start":{"line":29,"column":11},"end":{"line":29,"column":72}},"type":"binary-expr","locations":[{"start":{"line":29,"column":11},"end":{"line":29,"column":51}},{"start":{"line":29,"column":55},"end":{"line":29,"column":72}}]},"3":{"loc":{"start":{"line":32,"column":23},"end":{"line":32,"column":99}},"type":"cond-expr","locations":[{"start":{"line":32,"column":53},"end":{"line":32,"column":76}},{"start":{"line":32,"column":79},"end":{"line":32,"column":99}}]},"4":{"loc":{"start":{"line":43,"column":8},"end":{"line":43,"column":79}},"type":"if","locations":[{"start":{"line":43,"column":8},"end":{"line":43,"column":79}},{"start":{},"end":{}}]},"5":{"loc":{"start":{"line":43,"column":12},"end":{"line":43,"column":65}},"type":"binary-expr","locations":[{"start":{"line":43,"column":12},"end":{"line":43,"column":16}},{"start":{"line":43,"column":20},"end":{"line":43,"column":44}},{"start":{"line":43,"column":48},"end":{"line":43,"column":65}}]},"6":{"loc":{"start":{"line":58,"column":22},"end":{"line":58,"column":46}},"type":"binary-expr","locations":[{"start":{"line":58,"column":22},"end":{"line":58,"column":38}},{"start":{"line":58,"column":42},"end":{"line":58,"column":46}}]}},"s":{"0":0,"1":0,"2":0,"3":0,"4":0,"5":0,"6":0,"7":0,"8":0,"9":0,"10":0,"11":0,"12":0,"13":0,"14":0,"15":0,"16":0,"17":0,"18":0,"19":0,"20":0,"21":0,"22":0,"23":0,"24":0,"25":0,"26":0,"27":0},"f":{"0":0,"1":0,"2":0,"3":0},"b":{"0":[0,0],"1":[0,0],"2":[0,0],"3":[0,0],"4":[0,0],"5":[0,0,0],"6":[0,0]}}
,"D:\\Huzaifa\\timeoff-system\\backend\\src\\auth\\auth.controller.ts": {"path":"D:\\Huzaifa\\timeoff-system\\backend\\src\\auth\\auth.controller.ts","statementMap":{"0":{"start":{"line":1,"column":0},"end":{"line":1,"column":56}},"1":{"start":{"line":2,"column":0},"end":{"line":2,"column":63}},"2":{"start":{"line":3,"column":0},"end":{"line":3,"column":45}},"3":{"start":{"line":7,"column":2},"end":{"line":7,"column":null}},"4":{"start":{"line":11,"column":2},"end":{"line":11,"column":null}},"5":{"start":{"line":15,"column":7},"end":{"line":23,"column":null}},"6":{"start":{"line":16,"column":31},"end":{"line":16,"column":44}},"7":{"start":{"line":20,"column":19},"end":{"line":20,"column":72}},"8":{"start":{"line":21,"column":4},"end":{"line":21,"column":43}},"9":{"start":{"line":15,"column":13},"end":{"line":15,"column":27}},"10":{"start":{"line":19,"column":8},"end":{"line":22,"column":null}},"11":{"start":{"line":15,"column":13},"end":{"line":23,"column":null}}},"fnMap":{"0":{"name":"(anonymous_4)","decl":{"start":{"line":16,"column":2},"end":{"line":16,"column":31}},"loc":{"start":{"line":16,"column":55},"end":{"line":16,"column":59}}},"1":{"name":"(anonymous_5)","decl":{"start":{"line":19,"column":8},"end":{"line":19,"column":13}},"loc":{"start":{"line":19,"column":35},"end":{"line":22,"column":3}}}},"branchMap":{"0":{"loc":{"start":{"line":16,"column":44},"end":{"line":16,"column":58}},"type":"cond-expr","locations":[{"start":{"line":16,"column":55},"end":{"line":16,"column":58}},{"start":{"line":16,"column":55},"end":{"line":16,"column":58}}]},"1":{"loc":{"start":{"line":16,"column":44},"end":{"line":16,"column":55}},"type":"binary-expr","locations":[{"start":{"line":16,"column":44},"end":{"line":16,"column":58}},{"start":{"line":16,"column":44},"end":{"line":16,"column":55}}]}},"s":{"0":0,"1":0,"2":0,"3":0,"4":0,"5":0,"6":0,"7":0,"8":0,"9":0,"10":0,"11":0},"f":{"0":0,"1":0},"b":{"0":[0,0],"1":[0,0]}}
,"D:\\Huzaifa\\timeoff-system\\backend\\src\\auth\\auth.module.ts": {"path":"D:\\Huzaifa\\timeoff-system\\backend\\src\\auth\\auth.module.ts","statementMap":{"0":{"start":{"line":1,"column":0},"end":{"line":1,"column":40}},"1":{"start":{"line":2,"column":0},"end":{"line":2,"column":48}},"2":{"start":{"line":3,"column":0},"end":{"line":3,"column":55}},"3":{"start":{"line":4,"column":0},"end":{"line":4,"column":51}},"4":{"start":{"line":5,"column":0},"end":{"line":5,"column":45}},"5":{"start":{"line":12,"column":7},"end":{"line":12,"column":null}},"6":{"start":{"line":12,"column":13},"end":{"line":12,"column":23}},"7":{"start":{"line":12,"column":13},"end":{"line":12,"column":null}}},"fnMap":{},"branchMap":{},"s":{"0":0,"1":0,"2":0,"3":0,"4":0,"5":0,"6":0,"7":0},"f":{},"b":{}}
,"D:\\Huzaifa\\timeoff-system\\backend\\src\\auth\\auth.service.ts": {"path":"D:\\Huzaifa\\timeoff-system\\backend\\src\\auth\\auth.service.ts","statementMap":{"0":{"start":{"line":1,"column":0},"end":{"line":1,"column":86}},"1":{"start":{"line":2,"column":0},"end":{"line":2,"column":51}},"2":{"start":{"line":3,"column":0},"end":{"line":3,"column":33}},"3":{"start":{"line":4,"column":0},"end":{"line":4,"column":37}},"4":{"start":{"line":5,"column":0},"end":{"line":5,"column":55}},"5":{"start":{"line":8,"column":7},"end":{"line":23,"column":null}},"6":{"start":{"line":10,"column":49},"end":{"line":10,"column":63}},"7":{"start":{"line":14,"column":21},"end":{"line":14,"column":74}},"8":{"start":{"line":15,"column":4},"end":{"line":15,"column":70}},"9":{"start":{"line":15,"column":19},"end":{"line":15,"column":70}},"10":{"start":{"line":17,"column":15},"end":{"line":17,"column":68}},"11":{"start":{"line":18,"column":4},"end":{"line":18,"column":68}},"12":{"start":{"line":18,"column":13},"end":{"line":18,"column":68}},"13":{"start":{"line":20,"column":61},"end":{"line":20,"column":69}},"14":{"start":{"line":21,"column":4},"end":{"line":21,"column":76}},"15":{"start":{"line":8,"column":13},"end":{"line":8,"column":24}},"16":{"start":{"line":8,"column":13},"end":{"line":23,"column":null}}},"fnMap":{"0":{"name":"(anonymous_13)","decl":{"start":{"line":9,"column":2},"end":{"line":9,"column":null}},"loc":{"start":{"line":10,"column":83},"end":{"line":11,"column":6}}},"1":{"name":"(anonymous_14)","decl":{"start":{"line":13,"column":2},"end":{"line":13,"column":7}},"loc":{"start":{"line":13,"column":45},"end":{"line":22,"column":3}}}},"branchMap":{"0":{"loc":{"start":{"line":15,"column":4},"end":{"line":15,"column":70}},"type":"if","locations":[{"start":{"line":15,"column":4},"end":{"line":15,"column":70}},{"start":{},"end":{}}]},"1":{"loc":{"start":{"line":18,"column":4},"end":{"line":18,"column":68}},"type":"if","locations":[{"start":{"line":18,"column":4},"end":{"line":18,"column":68}},{"start":{},"end":{}}]},"2":{"loc":{"start":{"line":10,"column":63},"end":{"line":10,"column":83}},"type":"cond-expr","locations":[{"start":{"line":10,"column":73},"end":{"line":10,"column":83}},{"start":{"line":10,"column":73},"end":{"line":10,"column":83}}]},"3":{"loc":{"start":{"line":10,"column":63},"end":{"line":10,"column":73}},"type":"binary-expr","locations":[{"start":{"line":10,"column":63},"end":{"line":10,"column":83}},{"start":{"line":10,"column":63},"end":{"line":10,"column":73}}]}},"s":{"0":1,"1":1,"2":1,"3":1,"4":1,"5":1,"6":3,"7":3,"8":3,"9":1,"10":2,"11":2,"12":1,"13":1,"14":1,"15":1,"16":1},"f":{"0":3,"1":3},"b":{"0":[1,2],"1":[1,1],"2":[1,0],"3":[1,1]}}
,"D:\\Huzaifa\\timeoff-system\\backend\\src\\common\\hcm-client.service.ts": {"path":"D:\\Huzaifa\\timeoff-system\\backend\\src\\common\\hcm-client.service.ts","statementMap":{"0":{"start":{"line":1,"column":0},"end":{"line":1,"column":52}},"1":{"start":{"line":2,"column":0},"end":{"line":2,"column":47}},"2":{"start":{"line":3,"column":0},"end":{"line":3,"column":26}},"3":{"start":{"line":16,"column":29},"end":{"line":93,"column":null}},"4":{"start":{"line":17,"column":28},"end":{"line":17,"column":61}},"5":{"start":{"line":20,"column":31},"end":{"line":20,"column":39}},"6":{"start":{"line":21,"column":4},"end":{"line":21,"column":81}},"7":{"start":{"line":25,"column":4},"end":{"line":35,"column":5}},"8":{"start":{"line":26,"column":18},"end":{"line":28,"column":8}},"9":{"start":{"line":30,"column":6},"end":{"line":30,"column":64}},"10":{"start":{"line":30,"column":29},"end":{"line":30,"column":64}},"11":{"start":{"line":31,"column":6},"end":{"line":31,"column":18}},"12":{"start":{"line":33,"column":6},"end":{"line":33,"column":57}},"13":{"start":{"line":34,"column":6},"end":{"line":34,"column":18}},"14":{"start":{"line":39,"column":4},"end":{"line":50,"column":5}},"15":{"start":{"line":40,"column":18},"end":{"line":44,"column":8}},"16":{"start":{"line":46,"column":6},"end":{"line":46,"column":40}},"17":{"start":{"line":48,"column":6},"end":{"line":48,"column":57}},"18":{"start":{"line":49,"column":6},"end":{"line":49,"column":19}},"19":{"start":{"line":54,"column":4},"end":{"line":65,"column":5}},"20":{"start":{"line":55,"column":18},"end":{"line":59,"column":8}},"21":{"start":{"line":61,"column":6},"end":{"line":61,"column":40}},"22":{"start":{"line":63,"column":6},"end":{"line":63,"column":58}},"23":{"start":{"line":64,"column":6},"end":{"line":64,"column":19}},"24":{"start":{"line":69,"column":4},"end":{"line":76,"column":5}},"25":{"start":{"line":70,"column":18},"end":{"line":70,"column":62}},"26":{"start":{"line":71,"column":6},"end":{"line":71,"column":78}},"27":{"start":{"line":71,"column":29},"end":{"line":71,"column":78}},"28":{"start":{"line":72,"column":6},"end":{"line":72,"column":16}},"29":{"start":{"line":74,"column":6},"end":{"line":74,"column":56}},"30":{"start":{"line":75,"column":6},"end":{"line":75,"column":16}},"31":{"start":{"line":80,"column":4},"end":{"line":91,"column":5}},"32":{"start":{"line":81,"column":18},"end":{"line":85,"column":8}},"33":{"start":{"line":87,"column":6},"end":{"line":87,"column":40}},"34":{"start":{"line":89,"column":6},"end":{"line":89,"column":60}},"35":{"start":{"line":90,"column":6},"end":{"line":90,"column":19}},"36":{"start":{"line":16,"column":13},"end":{"line":16,"column":29}},"37":{"start":{"line":16,"column":13},"end":{"line":93,"column":null}}},"fnMap":{"0":{"name":"(anonymous_3)","decl":{"start":{"line":20,"column":2},"end":{"line":20,"column":31}},"loc":{"start":{"line":20,"column":52},"end":{"line":22,"column":3}}},"1":{"name":"(anonymous_4)","decl":{"start":{"line":24,"column":2},"end":{"line":24,"column":7}},"loc":{"start":{"line":24,"column":57},"end":{"line":36,"column":3}}},"2":{"name":"(anonymous_5)","decl":{"start":{"line":38,"column":2},"end":{"line":38,"column":7}},"loc":{"start":{"line":38,"column":71},"end":{"line":51,"column":3}}},"3":{"name":"(anonymous_6)","decl":{"start":{"line":53,"column":2},"end":{"line":53,"column":7}},"loc":{"start":{"line":53,"column":72},"end":{"line":66,"column":3}}},"4":{"name":"(anonymous_7)","decl":{"start":{"line":68,"column":2},"end":{"line":68,"column":7}},"loc":{"start":{"line":68,"column":17},"end":{"line":77,"column":3}}},"5":{"name":"(anonymous_8)","decl":{"start":{"line":79,"column":2},"end":{"line":79,"column":7}},"loc":{"start":{"line":79,"column":79},"end":{"line":92,"column":3}}}},"branchMap":{"0":{"loc":{"start":{"line":21,"column":19},"end":{"line":21,"column":80}},"type":"binary-expr","locations":[{"start":{"line":21,"column":19},"end":{"line":21,"column":53}},{"start":{"line":21,"column":57},"end":{"line":21,"column":80}}]},"1":{"loc":{"start":{"line":30,"column":6},"end":{"line":30,"column":64}},"type":"if","locations":[{"start":{"line":30,"column":6},"end":{"line":30,"column":64}},{"start":{},"end":{}}]},"2":{"loc":{"start":{"line":71,"column":6},"end":{"line":71,"column":78}},"type":"if","locations":[{"start":{"line":71,"column":6},"end":{"line":71,"column":78}},{"start":{},"end":{}}]},"3":{"loc":{"start":{"line":71,"column":37},"end":{"line":71,"column":56}},"type":"binary-expr","locations":[{"start":{"line":71,"column":37},"end":{"line":71,"column":50}},{"start":{"line":71,"column":54},"end":{"line":71,"column":56}}]},"4":{"loc":{"start":{"line":20,"column":39},"end":{"line":20,"column":null}},"type":"cond-expr","locations":[{"start":{"line":20,"column":52},"end":{"line":20,"column":null}},{"start":{"line":20,"column":52},"end":{"line":20,"column":null}}]},"5":{"loc":{"start":{"line":20,"column":39},"end":{"line":20,"column":52}},"type":"binary-expr","locations":[{"start":{"line":20,"column":39},"end":{"line":20,"column":null}},{"start":{"line":20,"column":39},"end":{"line":20,"column":52}}]}},"s":{"0":4,"1":4,"2":4,"3":4,"4":7,"5":7,"6":7,"7":2,"8":2,"9":1,"10":1,"11":0,"12":1,"13":1,"14":2,"15":2,"16":1,"17":1,"18":1,"19":1,"20":1,"21":1,"22":0,"23":0,"24":2,"25":2,"26":1,"27":1,"28":0,"29":1,"30":1,"31":0,"32":0,"33":0,"34":0,"35":0,"36":4,"37":4},"f":{"0":7,"1":2,"2":2,"3":1,"4":2,"5":0},"b":{"0":[7,0],"1":[1,0],"2":[1,0],"3":[1,0],"4":[4,0],"5":[4,4]}}
,"D:\\Huzaifa\\timeoff-system\\backend\\src\\common\\seed.service.ts": {"path":"D:\\Huzaifa\\timeoff-system\\backend\\src\\common\\seed.service.ts","statementMap":{"0":{"start":{"line":1,"column":0},"end":{"line":1,"column":76}},"1":{"start":{"line":2,"column":0},"end":{"line":2,"column":51}},"2":{"start":{"line":3,"column":0},"end":{"line":3,"column":33}},"3":{"start":{"line":4,"column":0},"end":{"line":4,"column":37}},"4":{"start":{"line":5,"column":0},"end":{"line":5,"column":65}},"5":{"start":{"line":6,"column":0},"end":{"line":6,"column":64}},"6":{"start":{"line":9,"column":24},"end":{"line":83,"column":null}},"7":{"start":{"line":10,"column":28},"end":{"line":10,"column":56}},"8":{"start":{"line":13,"column":49},"end":{"line":13,"column":63}},"9":{"start":{"line":14,"column":53},"end":{"line":14,"column":66}},"10":{"start":{"line":18,"column":18},"end":{"line":18,"column":49}},"11":{"start":{"line":19,"column":4},"end":{"line":19,"column":26}},"12":{"start":{"line":19,"column":19},"end":{"line":19,"column":26}},"13":{"start":{"line":21,"column":23},"end":{"line":21,"column":25}},"14":{"start":{"line":22,"column":28},"end":{"line":22,"column":69}},"15":{"start":{"line":24,"column":22},"end":{"line":53,"column":6}},"16":{"start":{"line":55,"column":20},"end":{"line":55,"column":63}},"17":{"start":{"line":55,"column":49},"end":{"line":55,"column":61}},"18":{"start":{"line":57,"column":4},"end":{"line":79,"column":7}},"19":{"start":{"line":81,"column":4},"end":{"line":81,"column":59}},"20":{"start":{"line":9,"column":13},"end":{"line":9,"column":24}},"21":{"start":{"line":9,"column":13},"end":{"line":83,"column":null}}},"fnMap":{"0":{"name":"(anonymous_13)","decl":{"start":{"line":12,"column":2},"end":{"line":12,"column":null}},"loc":{"start":{"line":14,"column":90},"end":{"line":15,"column":6}}},"1":{"name":"(anonymous_14)","decl":{"start":{"line":17,"column":2},"end":{"line":17,"column":7}},"loc":{"start":{"line":17,"column":30},"end":{"line":82,"column":3}}},"2":{"name":"(anonymous_15)","decl":{"start":{"line":55,"column":42},"end":{"line":55,"column":43}},"loc":{"start":{"line":55,"column":49},"end":{"line":55,"column":61}}}},"branchMap":{"0":{"loc":{"start":{"line":19,"column":4},"end":{"line":19,"column":26}},"type":"if","locations":[{"start":{"line":19,"column":4},"end":{"line":19,"column":26}},{"start":{},"end":{}}]},"1":{"loc":{"start":{"line":13,"column":63},"end":{"line":13,"column":83}},"type":"cond-expr","locations":[{"start":{"line":13,"column":73},"end":{"line":13,"column":83}},{"start":{"line":13,"column":73},"end":{"line":13,"column":83}}]},"2":{"loc":{"start":{"line":13,"column":63},"end":{"line":13,"column":73}},"type":"binary-expr","locations":[{"start":{"line":13,"column":63},"end":{"line":13,"column":83}},{"start":{"line":13,"column":63},"end":{"line":13,"column":73}}]},"3":{"loc":{"start":{"line":13,"column":73},"end":{"line":14,"column":90}},"type":"cond-expr","locations":[{"start":{"line":14,"column":76},"end":{"line":14,"column":90}},{"start":{"line":14,"column":76},"end":{"line":14,"column":90}}]},"4":{"loc":{"start":{"line":13,"column":73},"end":{"line":14,"column":76}},"type":"binary-expr","locations":[{"start":{"line":13,"column":73},"end":{"line":14,"column":90}},{"start":{"line":14,"column":66},"end":{"line":14,"column":76}}]}},"s":{"0":0,"1":0,"2":0,"3":0,"4":0,"5":0,"6":0,"7":0,"8":0,"9":0,"10":0,"11":0,"12":0,"13":0,"14":0,"15":0,"16":0,"17":0,"18":0,"19":0,"20":0,"21":0},"f":{"0":0,"1":0,"2":0},"b":{"0":[0,0],"1":[0,0],"2":[0,0],"3":[0,0],"4":[0,0]}}
,"D:\\Huzaifa\\timeoff-system\\backend\\src\\entities\\employee.entity.ts": {"path":"D:\\Huzaifa\\timeoff-system\\backend\\src\\entities\\employee.entity.ts","statementMap":{"0":{"start":{"line":1,"column":0},"end":{"line":1,"column":83}},"1":{"start":{"line":3,"column":0},"end":{"line":3,"column":null}},"2":{"start":{"line":4,"column":2},"end":{"line":4,"column":null}},"3":{"start":{"line":5,"column":2},"end":{"line":5,"column":null}},"4":{"start":{"line":9,"column":7},"end":{"line":30,"column":null}},"5":{"start":{"line":9,"column":13},"end":{"line":9,"column":21}},"6":{"start":{"line":11,"column":2},"end":{"line":11,"column":null}},"7":{"start":{"line":14,"column":2},"end":{"line":14,"column":null}},"8":{"start":{"line":17,"column":2},"end":{"line":17,"column":null}},"9":{"start":{"line":20,"column":2},"end":{"line":20,"column":null}},"10":{"start":{"line":23,"column":2},"end":{"line":23,"column":null}},"11":{"start":{"line":26,"column":2},"end":{"line":26,"column":null}},"12":{"start":{"line":29,"column":2},"end":{"line":29,"column":null}},"13":{"start":{"line":9,"column":13},"end":{"line":30,"column":null}}},"fnMap":{"0":{"name":"(anonymous_2)","decl":{"start":{"line":3,"column":0},"end":{"line":3,"column":12}},"loc":{"start":{"line":3,"column":20},"end":{"line":6,"column":1}}}},"branchMap":{"0":{"loc":{"start":{"line":3,"column":12},"end":{"line":3,"column":null}},"type":"binary-expr","locations":[{"start":{"line":3,"column":12},"end":{"line":3,"column":20}},{"start":{"line":3,"column":20},"end":{"line":3,"column":null}}]},"1":{"loc":{"start":{"line":29,"column":13},"end":{"line":29,"column":18}},"type":"cond-expr","locations":[{"start":{"line":29,"column":17},"end":{"line":29,"column":18}},{"start":{"line":29,"column":17},"end":{"line":29,"column":18}}]},"2":{"loc":{"start":{"line":29,"column":13},"end":{"line":29,"column":17}},"type":"binary-expr","locations":[{"start":{"line":29,"column":13},"end":{"line":29,"column":18}},{"start":{"line":29,"column":13},"end":{"line":29,"column":17}}]}},"s":{"0":1,"1":1,"2":1,"3":1,"4":1,"5":1,"6":1,"7":1,"8":1,"9":1,"10":1,"11":1,"12":1,"13":1},"f":{"0":1},"b":{"0":[1,1],"1":[1,0],"2":[1,1]}}
,"D:\\Huzaifa\\timeoff-system\\backend\\src\\entities\\leave-balance.entity.ts": {"path":"D:\\Huzaifa\\timeoff-system\\backend\\src\\entities\\leave-balance.entity.ts","statementMap":{"0":{"start":{"line":1,"column":0},"end":{"line":1,"column":null}},"1":{"start":{"line":12,"column":7},"end":{"line":36,"column":null}},"2":{"start":{"line":12,"column":13},"end":{"line":12,"column":25}},"3":{"start":{"line":14,"column":2},"end":{"line":14,"column":null}},"4":{"start":{"line":17,"column":2},"end":{"line":17,"column":null}},"5":{"start":{"line":20,"column":2},"end":{"line":20,"column":null}},"6":{"start":{"line":23,"column":2},"end":{"line":23,"column":null}},"7":{"start":{"line":26,"column":2},"end":{"line":26,"column":null}},"8":{"start":{"line":29,"column":2},"end":{"line":29,"column":null}},"9":{"start":{"line":32,"column":2},"end":{"line":32,"column":null}},"10":{"start":{"line":35,"column":2},"end":{"line":35,"column":null}},"11":{"start":{"line":12,"column":13},"end":{"line":36,"column":null}}},"fnMap":{},"branchMap":{"0":{"loc":{"start":{"line":32,"column":16},"end":{"line":32,"column":21}},"type":"cond-expr","locations":[{"start":{"line":32,"column":20},"end":{"line":32,"column":21}},{"start":{"line":32,"column":20},"end":{"line":32,"column":21}}]},"1":{"loc":{"start":{"line":32,"column":16},"end":{"line":32,"column":20}},"type":"binary-expr","locations":[{"start":{"line":32,"column":16},"end":{"line":32,"column":21}},{"start":{"line":32,"column":16},"end":{"line":32,"column":20}}]}},"s":{"0":3,"1":3,"2":3,"3":3,"4":3,"5":3,"6":3,"7":3,"8":3,"9":3,"10":3,"11":3},"f":{},"b":{"0":[3,0],"1":[3,3]}}
,"D:\\Huzaifa\\timeoff-system\\backend\\src\\entities\\leave-request.entity.ts": {"path":"D:\\Huzaifa\\timeoff-system\\backend\\src\\entities\\leave-request.entity.ts","statementMap":{"0":{"start":{"line":1,"column":0},"end":{"line":1,"column":null}},"1":{"start":{"line":10,"column":0},"end":{"line":10,"column":null}},"2":{"start":{"line":11,"column":2},"end":{"line":11,"column":null}},"3":{"start":{"line":12,"column":2},"end":{"line":12,"column":null}},"4":{"start":{"line":13,"column":2},"end":{"line":13,"column":null}},"5":{"start":{"line":14,"column":2},"end":{"line":14,"column":null}},"6":{"start":{"line":19,"column":7},"end":{"line":52,"column":null}},"7":{"start":{"line":19,"column":13},"end":{"line":19,"column":25}},"8":{"start":{"line":21,"column":2},"end":{"line":21,"column":null}},"9":{"start":{"line":24,"column":2},"end":{"line":24,"column":null}},"10":{"start":{"line":27,"column":2},"end":{"line":27,"column":null}},"11":{"start":{"line":30,"column":2},"end":{"line":30,"column":null}},"12":{"start":{"line":33,"column":2},"end":{"line":33,"column":null}},"13":{"start":{"line":36,"column":2},"end":{"line":36,"column":null}},"14":{"start":{"line":39,"column":2},"end":{"line":39,"column":null}},"15":{"start":{"line":42,"column":2},"end":{"line":42,"column":null}},"16":{"start":{"line":45,"column":2},"end":{"line":45,"column":null}},"17":{"start":{"line":48,"column":2},"end":{"line":48,"column":null}},"18":{"start":{"line":51,"column":2},"end":{"line":51,"column":null}},"19":{"start":{"line":19,"column":13},"end":{"line":52,"column":null}}},"fnMap":{"0":{"name":"(anonymous_2)","decl":{"start":{"line":10,"column":0},"end":{"line":10,"column":12}},"loc":{"start":{"line":10,"column":25},"end":{"line":15,"column":1}}}},"branchMap":{"0":{"loc":{"start":{"line":10,"column":12},"end":{"line":10,"column":null}},"type":"binary-expr","locations":[{"start":{"line":10,"column":12},"end":{"line":10,"column":25}},{"start":{"line":10,"column":25},"end":{"line":10,"column":null}}]},"1":{"loc":{"start":{"line":48,"column":13},"end":{"line":48,"column":18}},"type":"cond-expr","locations":[{"start":{"line":48,"column":17},"end":{"line":48,"column":18}},{"start":{"line":48,"column":17},"end":{"line":48,"column":18}}]},"2":{"loc":{"start":{"line":48,"column":13},"end":{"line":48,"column":17}},"type":"binary-expr","locations":[{"start":{"line":48,"column":13},"end":{"line":48,"column":18}},{"start":{"line":48,"column":13},"end":{"line":48,"column":17}}]},"3":{"loc":{"start":{"line":51,"column":13},"end":{"line":51,"column":18}},"type":"cond-expr","locations":[{"start":{"line":51,"column":17},"end":{"line":51,"column":18}},{"start":{"line":51,"column":17},"end":{"line":51,"column":18}}]},"4":{"loc":{"start":{"line":51,"column":13},"end":{"line":51,"column":17}},"type":"binary-expr","locations":[{"start":{"line":51,"column":13},"end":{"line":51,"column":18}},{"start":{"line":51,"column":13},"end":{"line":51,"column":17}}]}},"s":{"0":3,"1":3,"2":3,"3":3,"4":3,"5":3,"6":3,"7":3,"8":3,"9":3,"10":3,"11":3,"12":3,"13":3,"14":3,"15":3,"16":3,"17":3,"18":3,"19":3},"f":{"0":3},"b":{"0":[3,3],"1":[3,0],"2":[3,3],"3":[3,0],"4":[3,3]}}
,"D:\\Huzaifa\\timeoff-system\\backend\\src\\entities\\sync-log.entity.ts": {"path":"D:\\Huzaifa\\timeoff-system\\backend\\src\\entities\\sync-log.entity.ts","statementMap":{"0":{"start":{"line":1,"column":0},"end":{"line":1,"column":83}},"1":{"start":{"line":3,"column":0},"end":{"line":3,"column":null}},"2":{"start":{"line":4,"column":2},"end":{"line":4,"column":null}},"3":{"start":{"line":5,"column":2},"end":{"line":5,"column":null}},"4":{"start":{"line":6,"column":2},"end":{"line":6,"column":null}},"5":{"start":{"line":9,"column":0},"end":{"line":9,"column":null}},"6":{"start":{"line":10,"column":2},"end":{"line":10,"column":null}},"7":{"start":{"line":11,"column":2},"end":{"line":11,"column":null}},"8":{"start":{"line":12,"column":2},"end":{"line":12,"column":null}},"9":{"start":{"line":16,"column":7},"end":{"line":34,"column":null}},"10":{"start":{"line":16,"column":13},"end":{"line":16,"column":20}},"11":{"start":{"line":18,"column":2},"end":{"line":18,"column":null}},"12":{"start":{"line":21,"column":2},"end":{"line":21,"column":null}},"13":{"start":{"line":24,"column":2},"end":{"line":24,"column":null}},"14":{"start":{"line":27,"column":2},"end":{"line":27,"column":null}},"15":{"start":{"line":30,"column":2},"end":{"line":30,"column":null}},"16":{"start":{"line":33,"column":2},"end":{"line":33,"column":null}},"17":{"start":{"line":16,"column":13},"end":{"line":34,"column":null}}},"fnMap":{"0":{"name":"(anonymous_2)","decl":{"start":{"line":3,"column":0},"end":{"line":3,"column":12}},"loc":{"start":{"line":3,"column":20},"end":{"line":7,"column":1}}},"1":{"name":"(anonymous_3)","decl":{"start":{"line":9,"column":0},"end":{"line":9,"column":12}},"loc":{"start":{"line":9,"column":22},"end":{"line":13,"column":1}}}},"branchMap":{"0":{"loc":{"start":{"line":3,"column":12},"end":{"line":3,"column":null}},"type":"binary-expr","locations":[{"start":{"line":3,"column":12},"end":{"line":3,"column":20}},{"start":{"line":3,"column":20},"end":{"line":3,"column":null}}]},"1":{"loc":{"start":{"line":9,"column":12},"end":{"line":9,"column":null}},"type":"binary-expr","locations":[{"start":{"line":9,"column":12},"end":{"line":9,"column":22}},{"start":{"line":9,"column":22},"end":{"line":9,"column":null}}]},"2":{"loc":{"start":{"line":33,"column":13},"end":{"line":33,"column":18}},"type":"cond-expr","locations":[{"start":{"line":33,"column":17},"end":{"line":33,"column":18}},{"start":{"line":33,"column":17},"end":{"line":33,"column":18}}]},"3":{"loc":{"start":{"line":33,"column":13},"end":{"line":33,"column":17}},"type":"binary-expr","locations":[{"start":{"line":33,"column":13},"end":{"line":33,"column":18}},{"start":{"line":33,"column":13},"end":{"line":33,"column":17}}]}},"s":{"0":1,"1":1,"2":1,"3":1,"4":1,"5":1,"6":1,"7":1,"8":1,"9":1,"10":1,"11":1,"12":1,"13":1,"14":1,"15":1,"16":1,"17":1},"f":{"0":1,"1":1},"b":{"0":[1,1],"1":[1,1],"2":[1,0],"3":[1,1]}}
,"D:\\Huzaifa\\timeoff-system\\backend\\src\\hcm-mock\\hcm-server.ts": {"path":"D:\\Huzaifa\\timeoff-system\\backend\\src\\hcm-mock\\hcm-server.ts","statementMap":{"0":{"start":{"line":1,"column":0},"end":{"line":1,"column":24}},"1":{"start":{"line":2,"column":0},"end":{"line":2,"column":30}},"2":{"start":{"line":12,"column":12},"end":{"line":12,"column":21}},"3":{"start":{"line":13,"column":0},"end":{"line":13,"column":16}},"4":{"start":{"line":14,"column":0},"end":{"line":14,"column":24}},"5":{"start":{"line":16,"column":0},"end":{"line":20,"column":3}},"6":{"start":{"line":18,"column":2},"end":{"line":18,"column":48}},"7":{"start":{"line":19,"column":2},"end":{"line":19,"column":9}},"8":{"start":{"line":22,"column":42},"end":{"line":26,"column":2}},"9":{"start":{"line":28,"column":16},"end":{"line":28,"column":89}},"10":{"start":{"line":28,"column":60},"end":{"line":28,"column":89}},"11":{"start":{"line":30,"column":0},"end":{"line":37,"column":3}},"12":{"start":{"line":31,"column":21},"end":{"line":31,"column":50}},"13":{"start":{"line":32,"column":21},"end":{"line":32,"column":55}},"14":{"start":{"line":33,"column":14},"end":{"line":33,"column":45}},"15":{"start":{"line":34,"column":14},"end":{"line":34,"column":27}},"16":{"start":{"line":35,"column":2},"end":{"line":35,"column":98}},"17":{"start":{"line":35,"column":12},"end":{"line":35,"column":98}},"18":{"start":{"line":36,"column":2},"end":{"line":36,"column":48}},"19":{"start":{"line":39,"column":0},"end":{"line":54,"column":3}},"20":{"start":{"line":40,"column":43},"end":{"line":40,"column":null}},"21":{"start":{"line":45,"column":14},"end":{"line":45,"column":61}},"22":{"start":{"line":46,"column":14},"end":{"line":46,"column":27}},"23":{"start":{"line":47,"column":2},"end":{"line":47,"column":98}},"24":{"start":{"line":47,"column":12},"end":{"line":47,"column":98}},"25":{"start":{"line":48,"column":2},"end":{"line":50,"column":3}},"26":{"start":{"line":49,"column":4},"end":{"line":49,"column":83}},"27":{"start":{"line":51,"column":2},"end":{"line":51,"column":36}},"28":{"start":{"line":52,"column":2},"end":{"line":52,"column":31}},"29":{"start":{"line":53,"column":2},"end":{"line":53,"column":48}},"30":{"start":{"line":56,"column":0},"end":{"line":69,"column":3}},"31":{"start":{"line":57,"column":43},"end":{"line":57,"column":null}},"32":{"start":{"line":62,"column":14},"end":{"line":62,"column":61}},"33":{"start":{"line":63,"column":14},"end":{"line":63,"column":27}},"34":{"start":{"line":64,"column":2},"end":{"line":64,"column":98}},"35":{"start":{"line":64,"column":12},"end":{"line":64,"column":98}},"36":{"start":{"line":66,"column":2},"end":{"line":66,"column":36}},"37":{"start":{"line":67,"column":2},"end":{"line":67,"column":58}},"38":{"start":{"line":68,"column":2},"end":{"line":68,"column":48}},"39":{"start":{"line":71,"column":0},"end":{"line":73,"column":3}},"40":{"start":{"line":72,"column":2},"end":{"line":72,"column":68}},"41":{"start":{"line":75,"column":0},"end":{"line":88,"column":3}},"42":{"start":{"line":76,"column":48},"end":{"line":76,"column":null}},"43":{"start":{"line":81,"column":14},"end":{"line":81,"column":61}},"44":{"start":{"line":82,"column":14},"end":{"line":82,"column":27}},"45":{"start":{"line":83,"column":2},"end":{"line":83,"column":98}},"46":{"start":{"line":83,"column":12},"end":{"line":83,"column":98}},"47":{"start":{"line":85,"column":2},"end":{"line":85,"column":37}},"48":{"start":{"line":86,"column":2},"end":{"line":86,"column":41}},"49":{"start":{"line":87,"column":2},"end":{"line":87,"column":48}},"50":{"start":{"line":90,"column":13},"end":{"line":90,"column":17}},"51":{"start":{"line":91,"column":0},"end":{"line":94,"column":3}},"52":{"start":{"line":93,"column":2},"end":{"line":93,"column":57}}},"fnMap":{"0":{"name":"(anonymous_1)","decl":{"start":{"line":16,"column":8},"end":{"line":16,"column":9}},"loc":{"start":{"line":16,"column":28},"end":{"line":20,"column":1}}},"1":{"name":"(anonymous_2)","decl":{"start":{"line":28,"column":16},"end":{"line":28,"column":17}},"loc":{"start":{"line":28,"column":60},"end":{"line":28,"column":89}}},"2":{"name":"(anonymous_3)","decl":{"start":{"line":30,"column":36},"end":{"line":30,"column":37}},"loc":{"start":{"line":30,"column":49},"end":{"line":37,"column":1}}},"3":{"name":"(anonymous_4)","decl":{"start":{"line":39,"column":24},"end":{"line":39,"column":25}},"loc":{"start":{"line":39,"column":37},"end":{"line":54,"column":1}}},"4":{"name":"(anonymous_5)","decl":{"start":{"line":56,"column":25},"end":{"line":56,"column":26}},"loc":{"start":{"line":56,"column":38},"end":{"line":69,"column":1}}},"5":{"name":"(anonymous_6)","decl":{"start":{"line":71,"column":22},"end":{"line":71,"column":23}},"loc":{"start":{"line":71,"column":36},"end":{"line":73,"column":1}}},"6":{"name":"(anonymous_7)","decl":{"start":{"line":75,"column":32},"end":{"line":75,"column":33}},"loc":{"start":{"line":75,"column":45},"end":{"line":88,"column":1}}},"7":{"name":"(anonymous_8)","decl":{"start":{"line":91,"column":17},"end":{"line":91,"column":20}},"loc":{"start":{"line":91,"column":22},"end":{"line":94,"column":1}}}},"branchMap":{"0":{"loc":{"start":{"line":32,"column":28},"end":{"line":32,"column":54}},"type":"binary-expr","locations":[{"start":{"line":32,"column":28},"end":{"line":32,"column":48}},{"start":{"line":32,"column":52},"end":{"line":32,"column":54}}]},"1":{"loc":{"start":{"line":35,"column":2},"end":{"line":35,"column":98}},"type":"if","locations":[{"start":{"line":35,"column":2},"end":{"line":35,"column":98}},{"start":{},"end":{}}]},"2":{"loc":{"start":{"line":47,"column":2},"end":{"line":47,"column":98}},"type":"if","locations":[{"start":{"line":47,"column":2},"end":{"line":47,"column":98}},{"start":{},"end":{}}]},"3":{"loc":{"start":{"line":48,"column":2},"end":{"line":50,"column":3}},"type":"if","locations":[{"start":{"line":48,"column":2},"end":{"line":50,"column":3}},{"start":{},"end":{}}]},"4":{"loc":{"start":{"line":64,"column":2},"end":{"line":64,"column":98}},"type":"if","locations":[{"start":{"line":64,"column":2},"end":{"line":64,"column":98}},{"start":{},"end":{}}]},"5":{"loc":{"start":{"line":83,"column":2},"end":{"line":83,"column":98}},"type":"if","locations":[{"start":{"line":83,"column":2},"end":{"line":83,"column":98}},{"start":{},"end":{}}]}},"s":{"0":0,"1":0,"2":0,"3":0,"4":0,"5":0,"6":0,"7":0,"8":0,"9":0,"10":0,"11":0,"12":0,"13":0,"14":0,"15":0,"16":0,"17":0,"18":0,"19":0,"20":0,"21":0,"22":0,"23":0,"24":0,"25":0,"26":0,"27":0,"28":0,"29":0,"30":0,"31":0,"32":0,"33":0,"34":0,"35":0,"36":0,"37":0,"38":0,"39":0,"40":0,"41":0,"42":0,"43":0,"44":0,"45":0,"46":0,"47":0,"48":0,"49":0,"50":0,"51":0,"52":0},"f":{"0":0,"1":0,"2":0,"3":0,"4":0,"5":0,"6":0,"7":0},"b":{"0":[0,0],"1":[0,0],"2":[0,0],"3":[0,0],"4":[0,0],"5":[0,0]}}
,"D:\\Huzaifa\\timeoff-system\\backend\\src\\leave\\leave.controller.ts": {"path":"D:\\Huzaifa\\timeoff-system\\backend\\src\\leave\\leave.controller.ts","statementMap":{"0":{"start":{"line":1,"column":0},"end":{"line":1,"column":86}},"1":{"start":{"line":2,"column":0},"end":{"line":2,"column":76}},"2":{"start":{"line":3,"column":0},"end":{"line":3,"column":47}},"3":{"start":{"line":7,"column":2},"end":{"line":7,"column":null}},"4":{"start":{"line":10,"column":2},"end":{"line":10,"column":null}},"5":{"start":{"line":14,"column":2},"end":{"line":14,"column":null}},"6":{"start":{"line":18,"column":2},"end":{"line":18,"column":null}},"7":{"start":{"line":23,"column":2},"end":{"line":23,"column":null}},"8":{"start":{"line":27,"column":2},"end":{"line":27,"column":null}},"9":{"start":{"line":31,"column":2},"end":{"line":31,"column":null}},"10":{"start":{"line":36,"column":2},"end":{"line":36,"column":null}},"11":{"start":{"line":40,"column":7},"end":{"line":85,"column":null}},"12":{"start":{"line":41,"column":31},"end":{"line":41,"column":45}},"13":{"start":{"line":45,"column":20},"end":{"line":45,"column":74}},"14":{"start":{"line":46,"column":4},"end":{"line":46,"column":44}},"15":{"start":{"line":51,"column":20},"end":{"line":51,"column":80}},"16":{"start":{"line":52,"column":4},"end":{"line":52,"column":44}},"17":{"start":{"line":57,"column":20},"end":{"line":57,"column":62}},"18":{"start":{"line":58,"column":4},"end":{"line":58,"column":44}},"19":{"start":{"line":63,"column":21},"end":{"line":63,"column":87}},"20":{"start":{"line":64,"column":4},"end":{"line":64,"column":45}},"21":{"start":{"line":69,"column":21},"end":{"line":69,"column":60}},"22":{"start":{"line":70,"column":4},"end":{"line":70,"column":45}},"23":{"start":{"line":76,"column":20},"end":{"line":76,"column":82}},"24":{"start":{"line":77,"column":4},"end":{"line":77,"column":44}},"25":{"start":{"line":82,"column":4},"end":{"line":82,"column":77}},"26":{"start":{"line":83,"column":4},"end":{"line":83,"column":29}},"27":{"start":{"line":40,"column":13},"end":{"line":40,"column":28}},"28":{"start":{"line":44,"column":8},"end":{"line":47,"column":null}},"29":{"start":{"line":50,"column":8},"end":{"line":53,"column":null}},"30":{"start":{"line":56,"column":8},"end":{"line":59,"column":null}},"31":{"start":{"line":62,"column":8},"end":{"line":65,"column":null}},"32":{"start":{"line":68,"column":8},"end":{"line":71,"column":null}},"33":{"start":{"line":75,"column":8},"end":{"line":78,"column":null}},"34":{"start":{"line":81,"column":8},"end":{"line":84,"column":null}},"35":{"start":{"line":40,"column":13},"end":{"line":85,"column":null}}},"fnMap":{"0":{"name":"(anonymous_4)","decl":{"start":{"line":41,"column":2},"end":{"line":41,"column":31}},"loc":{"start":{"line":41,"column":57},"end":{"line":41,"column":61}}},"1":{"name":"(anonymous_5)","decl":{"start":{"line":44,"column":8},"end":{"line":44,"column":18}},"loc":{"start":{"line":44,"column":58},"end":{"line":47,"column":3}}},"2":{"name":"(anonymous_6)","decl":{"start":{"line":50,"column":8},"end":{"line":50,"column":19}},"loc":{"start":{"line":50,"column":59},"end":{"line":53,"column":3}}},"3":{"name":"(anonymous_7)","decl":{"start":{"line":56,"column":8},"end":{"line":56,"column":21}},"loc":{"start":{"line":56,"column":56},"end":{"line":59,"column":3}}},"4":{"name":"(anonymous_8)","decl":{"start":{"line":62,"column":8},"end":{"line":62,"column":28}},"loc":{"start":{"line":62,"column":68},"end":{"line":65,"column":3}}},"5":{"name":"(anonymous_9)","decl":{"start":{"line":68,"column":8},"end":{"line":68,"column":22}},"loc":{"start":{"line":68,"column":22},"end":{"line":71,"column":3}}},"6":{"name":"(anonymous_10)","decl":{"start":{"line":75,"column":8},"end":{"line":75,"column":15}},"loc":{"start":{"line":75,"column":90},"end":{"line":78,"column":3}}},"7":{"name":"(anonymous_11)","decl":{"start":{"line":81,"column":8},"end":{"line":81,"column":14}},"loc":{"start":{"line":81,"column":88},"end":{"line":84,"column":3}}}},"branchMap":{"0":{"loc":{"start":{"line":41,"column":45},"end":{"line":41,"column":60}},"type":"cond-expr","locations":[{"start":{"line":41,"column":57},"end":{"line":41,"column":60}},{"start":{"line":41,"column":57},"end":{"line":41,"column":60}}]},"1":{"loc":{"start":{"line":41,"column":45},"end":{"line":41,"column":57}},"type":"binary-expr","locations":[{"start":{"line":41,"column":45},"end":{"line":41,"column":60}},{"start":{"line":41,"column":45},"end":{"line":41,"column":57}}]}},"s":{"0":1,"1":1,"2":1,"3":1,"4":1,"5":1,"6":1,"7":1,"8":1,"9":1,"10":1,"11":1,"12":4,"13":0,"14":0,"15":0,"16":0,"17":2,"18":1,"19":0,"20":0,"21":0,"22":0,"23":1,"24":1,"25":1,"26":1,"27":1,"28":1,"29":1,"30":1,"31":1,"32":1,"33":1,"34":1,"35":1},"f":{"0":4,"1":0,"2":0,"3":2,"4":0,"5":0,"6":1,"7":1},"b":{"0":[1,0],"1":[1,1]}}
,"D:\\Huzaifa\\timeoff-system\\backend\\src\\leave\\leave.module.ts": {"path":"D:\\Huzaifa\\timeoff-system\\backend\\src\\leave\\leave.module.ts","statementMap":{"0":{"start":{"line":1,"column":0},"end":{"line":1,"column":40}},"1":{"start":{"line":2,"column":0},"end":{"line":2,"column":48}},"2":{"start":{"line":3,"column":0},"end":{"line":3,"column":64}},"3":{"start":{"line":4,"column":0},"end":{"line":4,"column":64}},"4":{"start":{"line":5,"column":0},"end":{"line":5,"column":64}},"5":{"start":{"line":6,"column":0},"end":{"line":6,"column":53}},"6":{"start":{"line":7,"column":0},"end":{"line":7,"column":47}},"7":{"start":{"line":15,"column":7},"end":{"line":15,"column":null}},"8":{"start":{"line":15,"column":13},"end":{"line":15,"column":24}},"9":{"start":{"line":15,"column":13},"end":{"line":15,"column":null}}},"fnMap":{},"branchMap":{},"s":{"0":0,"1":0,"2":0,"3":0,"4":0,"5":0,"6":0,"7":0,"8":0,"9":0},"f":{},"b":{}}
,"D:\\Huzaifa\\timeoff-system\\backend\\src\\leave\\leave.service.ts": {"path":"D:\\Huzaifa\\timeoff-system\\backend\\src\\leave\\leave.service.ts","statementMap":{"0":{"start":{"line":1,"column":0},"end":{"line":1,"column":null}},"1":{"start":{"line":8,"column":0},"end":{"line":8,"column":51}},"2":{"start":{"line":9,"column":0},"end":{"line":9,"column":37}},"3":{"start":{"line":10,"column":0},"end":{"line":10,"column":76}},"4":{"start":{"line":11,"column":0},"end":{"line":11,"column":64}},"5":{"start":{"line":12,"column":0},"end":{"line":12,"column":79}},"6":{"start":{"line":28,"column":7},"end":{"line":169,"column":null}},"7":{"start":{"line":30,"column":53},"end":{"line":30,"column":66}},"8":{"start":{"line":31,"column":53},"end":{"line":31,"column":66}},"9":{"start":{"line":32,"column":21},"end":{"line":32,"column":32}},"10":{"start":{"line":36,"column":4},"end":{"line":36,"column":36}},"11":{"start":{"line":37,"column":4},"end":{"line":37,"column":34}},"12":{"start":{"line":38,"column":4},"end":{"line":38,"column":44}},"13":{"start":{"line":42,"column":18},"end":{"line":42,"column":75}},"14":{"start":{"line":43,"column":4},"end":{"line":43,"column":71}},"15":{"start":{"line":43,"column":16},"end":{"line":43,"column":71}},"16":{"start":{"line":45,"column":17},"end":{"line":45,"column":80}},"17":{"start":{"line":46,"column":18},"end":{"line":46,"column":52}},"18":{"start":{"line":47,"column":4},"end":{"line":47,"column":29}},"19":{"start":{"line":47,"column":16},"end":{"line":47,"column":29}},"20":{"start":{"line":49,"column":16},"end":{"line":49,"column":77}},"21":{"start":{"line":50,"column":4},"end":{"line":50,"column":27}},"22":{"start":{"line":50,"column":14},"end":{"line":50,"column":27}},"23":{"start":{"line":52,"column":4},"end":{"line":52,"column":37}},"24":{"start":{"line":53,"column":4},"end":{"line":53,"column":46}},"25":{"start":{"line":57,"column":18},"end":{"line":57,"column":75}},"26":{"start":{"line":58,"column":4},"end":{"line":58,"column":71}},"27":{"start":{"line":58,"column":16},"end":{"line":58,"column":71}},"28":{"start":{"line":60,"column":16},"end":{"line":60,"column":77}},"29":{"start":{"line":61,"column":4},"end":{"line":61,"column":61}},"30":{"start":{"line":61,"column":14},"end":{"line":61,"column":61}},"31":{"start":{"line":63,"column":4},"end":{"line":63,"column":37}},"32":{"start":{"line":64,"column":4},"end":{"line":64,"column":46}},"33":{"start":{"line":68,"column":18},"end":{"line":70,"column":6}},"34":{"start":{"line":71,"column":4},"end":{"line":71,"column":71}},"35":{"start":{"line":71,"column":16},"end":{"line":71,"column":71}},"36":{"start":{"line":73,"column":4},"end":{"line":75,"column":5}},"37":{"start":{"line":74,"column":6},"end":{"line":74,"column":60}},"38":{"start":{"line":77,"column":16},"end":{"line":77,"column":83}},"39":{"start":{"line":78,"column":4},"end":{"line":78,"column":61}},"40":{"start":{"line":78,"column":14},"end":{"line":78,"column":61}},"41":{"start":{"line":80,"column":4},"end":{"line":83,"column":5}},"42":{"start":{"line":81,"column":6},"end":{"line":81,"column":39}},"43":{"start":{"line":82,"column":6},"end":{"line":82,"column":41}},"44":{"start":{"line":85,"column":4},"end":{"line":87,"column":5}},"45":{"start":{"line":86,"column":6},"end":{"line":86,"column":60}},"46":{"start":{"line":89,"column":20},"end":{"line":98,"column":6}},"47":{"start":{"line":100,"column":4},"end":{"line":100,"column":48}},"48":{"start":{"line":104,"column":4},"end":{"line":107,"column":7}},"49":{"start":{"line":111,"column":4},"end":{"line":114,"column":7}},"50":{"start":{"line":118,"column":20},"end":{"line":118,"column":80}},"51":{"start":{"line":119,"column":4},"end":{"line":119,"column":73}},"52":{"start":{"line":119,"column":18},"end":{"line":119,"column":73}},"53":{"start":{"line":120,"column":4},"end":{"line":120,"column":106}},"54":{"start":{"line":120,"column":50},"end":{"line":120,"column":106}},"55":{"start":{"line":122,"column":4},"end":{"line":122,"column":40}},"56":{"start":{"line":123,"column":4},"end":{"line":123,"column":52}},"57":{"start":{"line":125,"column":4},"end":{"line":128,"column":5}},"58":{"start":{"line":126,"column":6},"end":{"line":126,"column":46}},"59":{"start":{"line":127,"column":6},"end":{"line":127,"column":50}},"60":{"start":{"line":130,"column":18},"end":{"line":132,"column":6}},"61":{"start":{"line":133,"column":4},"end":{"line":133,"column":71}},"62":{"start":{"line":133,"column":16},"end":{"line":133,"column":71}},"63":{"start":{"line":135,"column":16},"end":{"line":135,"column":87}},"64":{"start":{"line":136,"column":4},"end":{"line":136,"column":61}},"65":{"start":{"line":136,"column":14},"end":{"line":136,"column":61}},"66":{"start":{"line":138,"column":4},"end":{"line":144,"column":5}},"67":{"start":{"line":139,"column":6},"end":{"line":142,"column":7}},"68":{"start":{"line":140,"column":8},"end":{"line":140,"column":41}},"69":{"start":{"line":141,"column":8},"end":{"line":141,"column":43}},"70":{"start":{"line":143,"column":6},"end":{"line":143,"column":60}},"71":{"start":{"line":146,"column":15},"end":{"line":146,"column":109}},"72":{"start":{"line":147,"column":4},"end":{"line":147,"column":71}},"73":{"start":{"line":147,"column":13},"end":{"line":147,"column":71}},"74":{"start":{"line":149,"column":4},"end":{"line":149,"column":83}},"75":{"start":{"line":150,"column":4},"end":{"line":150,"column":60}},"76":{"start":{"line":151,"column":4},"end":{"line":151,"column":39}},"77":{"start":{"line":153,"column":4},"end":{"line":153,"column":35}},"78":{"start":{"line":154,"column":4},"end":{"line":154,"column":44}},"79":{"start":{"line":155,"column":4},"end":{"line":155,"column":48}},"80":{"start":{"line":159,"column":20},"end":{"line":159,"column":80}},"81":{"start":{"line":160,"column":4},"end":{"line":160,"column":73}},"82":{"start":{"line":160,"column":18},"end":{"line":160,"column":73}},"83":{"start":{"line":161,"column":4},"end":{"line":161,"column":87}},"84":{"start":{"line":161,"column":43},"end":{"line":161,"column":87}},"85":{"start":{"line":162,"column":4},"end":{"line":164,"column":5}},"86":{"start":{"line":163,"column":6},"end":{"line":163,"column":78}},"87":{"start":{"line":166,"column":4},"end":{"line":166,"column":45}},"88":{"start":{"line":167,"column":4},"end":{"line":167,"column":41}},"89":{"start":{"line":28,"column":13},"end":{"line":28,"column":25}},"90":{"start":{"line":28,"column":13},"end":{"line":169,"column":null}}},"fnMap":{"0":{"name":"(anonymous_4)","decl":{"start":{"line":29,"column":2},"end":{"line":29,"column":null}},"loc":{"start":{"line":32,"column":48},"end":{"line":33,"column":6}}},"1":{"name":"(anonymous_5)","decl":{"start":{"line":35,"column":10},"end":{"line":35,"column":25}},"loc":{"start":{"line":35,"column":62},"end":{"line":39,"column":3}}},"2":{"name":"(anonymous_6)","decl":{"start":{"line":41,"column":2},"end":{"line":41,"column":7}},"loc":{"start":{"line":41,"column":37},"end":{"line":54,"column":3}}},"3":{"name":"(anonymous_7)","decl":{"start":{"line":56,"column":2},"end":{"line":56,"column":7}},"loc":{"start":{"line":56,"column":43},"end":{"line":65,"column":3}}},"4":{"name":"(anonymous_8)","decl":{"start":{"line":67,"column":2},"end":{"line":67,"column":7}},"loc":{"start":{"line":67,"column":52},"end":{"line":101,"column":3}}},"5":{"name":"(anonymous_9)","decl":{"start":{"line":103,"column":2},"end":{"line":103,"column":7}},"loc":{"start":{"line":103,"column":49},"end":{"line":108,"column":3}}},"6":{"name":"(anonymous_10)","decl":{"start":{"line":110,"column":2},"end":{"line":110,"column":7}},"loc":{"start":{"line":110,"column":21},"end":{"line":115,"column":3}}},"7":{"name":"(anonymous_11)","decl":{"start":{"line":117,"column":2},"end":{"line":117,"column":7}},"loc":{"start":{"line":117,"column":73},"end":{"line":156,"column":3}}},"8":{"name":"(anonymous_12)","decl":{"start":{"line":158,"column":2},"end":{"line":158,"column":7}},"loc":{"start":{"line":158,"column":59},"end":{"line":168,"column":3}}}},"branchMap":{"0":{"loc":{"start":{"line":43,"column":4},"end":{"line":43,"column":71}},"type":"if","locations":[{"start":{"line":43,"column":4},"end":{"line":43,"column":71}},{"start":{},"end":{}}]},"1":{"loc":{"start":{"line":45,"column":17},"end":{"line":45,"column":80}},"type":"cond-expr","locations":[{"start":{"line":45,"column":38},"end":{"line":45,"column":76}},{"start":{"line":45,"column":79},"end":{"line":45,"column":80}}]},"2":{"loc":{"start":{"line":47,"column":4},"end":{"line":47,"column":29}},"type":"if","locations":[{"start":{"line":47,"column":4},"end":{"line":47,"column":29}},{"start":{},"end":{}}]},"3":{"loc":{"start":{"line":50,"column":4},"end":{"line":50,"column":27}},"type":"if","locations":[{"start":{"line":50,"column":4},"end":{"line":50,"column":27}},{"start":{},"end":{}}]},"4":{"loc":{"start":{"line":58,"column":4},"end":{"line":58,"column":71}},"type":"if","locations":[{"start":{"line":58,"column":4},"end":{"line":58,"column":71}},{"start":{},"end":{}}]},"5":{"loc":{"start":{"line":61,"column":4},"end":{"line":61,"column":61}},"type":"if","locations":[{"start":{"line":61,"column":4},"end":{"line":61,"column":61}},{"start":{},"end":{}}]},"6":{"loc":{"start":{"line":71,"column":4},"end":{"line":71,"column":71}},"type":"if","locations":[{"start":{"line":71,"column":4},"end":{"line":71,"column":71}},{"start":{},"end":{}}]},"7":{"loc":{"start":{"line":73,"column":4},"end":{"line":75,"column":5}},"type":"if","locations":[{"start":{"line":73,"column":4},"end":{"line":75,"column":5}},{"start":{},"end":{}}]},"8":{"loc":{"start":{"line":78,"column":4},"end":{"line":78,"column":61}},"type":"if","locations":[{"start":{"line":78,"column":4},"end":{"line":78,"column":61}},{"start":{},"end":{}}]},"9":{"loc":{"start":{"line":80,"column":4},"end":{"line":83,"column":5}},"type":"if","locations":[{"start":{"line":80,"column":4},"end":{"line":83,"column":5}},{"start":{},"end":{}}]},"10":{"loc":{"start":{"line":85,"column":4},"end":{"line":87,"column":5}},"type":"if","locations":[{"start":{"line":85,"column":4},"end":{"line":87,"column":5}},{"start":{},"end":{}}]},"11":{"loc":{"start":{"line":93,"column":14},"end":{"line":93,"column":34}},"type":"binary-expr","locations":[{"start":{"line":93,"column":14},"end":{"line":93,"column":26}},{"start":{"line":93,"column":30},"end":{"line":93,"column":34}}]},"12":{"loc":{"start":{"line":119,"column":4},"end":{"line":119,"column":73}},"type":"if","locations":[{"start":{"line":119,"column":4},"end":{"line":119,"column":73}},{"start":{},"end":{}}]},"13":{"loc":{"start":{"line":120,"column":4},"end":{"line":120,"column":106}},"type":"if","locations":[{"start":{"line":120,"column":4},"end":{"line":120,"column":106}},{"start":{},"end":{}}]},"14":{"loc":{"start":{"line":123,"column":26},"end":{"line":123,"column":51}},"type":"binary-expr","locations":[{"start":{"line":123,"column":26},"end":{"line":123,"column":43}},{"start":{"line":123,"column":47},"end":{"line":123,"column":51}}]},"15":{"loc":{"start":{"line":125,"column":4},"end":{"line":128,"column":5}},"type":"if","locations":[{"start":{"line":125,"column":4},"end":{"line":128,"column":5}},{"start":{},"end":{}}]},"16":{"loc":{"start":{"line":133,"column":4},"end":{"line":133,"column":71}},"type":"if","locations":[{"start":{"line":133,"column":4},"end":{"line":133,"column":71}},{"start":{},"end":{}}]},"17":{"loc":{"start":{"line":136,"column":4},"end":{"line":136,"column":61}},"type":"if","locations":[{"start":{"line":136,"column":4},"end":{"line":136,"column":61}},{"start":{},"end":{}}]},"18":{"loc":{"start":{"line":138,"column":4},"end":{"line":144,"column":5}},"type":"if","locations":[{"start":{"line":138,"column":4},"end":{"line":144,"column":5}},{"start":{},"end":{}}]},"19":{"loc":{"start":{"line":139,"column":6},"end":{"line":142,"column":7}},"type":"if","locations":[{"start":{"line":139,"column":6},"end":{"line":142,"column":7}},{"start":{},"end":{}}]},"20":{"loc":{"start":{"line":147,"column":4},"end":{"line":147,"column":71}},"type":"if","locations":[{"start":{"line":147,"column":4},"end":{"line":147,"column":71}},{"start":{},"end":{}}]},"21":{"loc":{"start":{"line":160,"column":4},"end":{"line":160,"column":73}},"type":"if","locations":[{"start":{"line":160,"column":4},"end":{"line":160,"column":73}},{"start":{},"end":{}}]},"22":{"loc":{"start":{"line":161,"column":4},"end":{"line":161,"column":87}},"type":"if","locations":[{"start":{"line":161,"column":4},"end":{"line":161,"column":87}},{"start":{},"end":{}}]},"23":{"loc":{"start":{"line":162,"column":4},"end":{"line":164,"column":5}},"type":"if","locations":[{"start":{"line":162,"column":4},"end":{"line":164,"column":5}},{"start":{},"end":{}}]},"24":{"loc":{"start":{"line":30,"column":66},"end":{"line":30,"column":90}},"type":"cond-expr","locations":[{"start":{"line":30,"column":76},"end":{"line":30,"column":90}},{"start":{"line":30,"column":76},"end":{"line":30,"column":90}}]},"25":{"loc":{"start":{"line":30,"column":66},"end":{"line":30,"column":76}},"type":"binary-expr","locations":[{"start":{"line":30,"column":66},"end":{"line":30,"column":90}},{"start":{"line":30,"column":66},"end":{"line":30,"column":76}}]},"26":{"loc":{"start":{"line":30,"column":76},"end":{"line":31,"column":90}},"type":"cond-expr","locations":[{"start":{"line":31,"column":76},"end":{"line":31,"column":90}},{"start":{"line":31,"column":76},"end":{"line":31,"column":90}}]},"27":{"loc":{"start":{"line":30,"column":76},"end":{"line":31,"column":76}},"type":"binary-expr","locations":[{"start":{"line":30,"column":76},"end":{"line":31,"column":90}},{"start":{"line":31,"column":66},"end":{"line":31,"column":76}}]},"28":{"loc":{"start":{"line":31,"column":76},"end":{"line":32,"column":null}},"type":"cond-expr","locations":[{"start":{"line":32,"column":48},"end":{"line":32,"column":null}},{"start":{"line":32,"column":48},"end":{"line":32,"column":null}}]},"29":{"loc":{"start":{"line":31,"column":76},"end":{"line":32,"column":48}},"type":"binary-expr","locations":[{"start":{"line":31,"column":76},"end":{"line":32,"column":null}},{"start":{"line":32,"column":32},"end":{"line":32,"column":48}}]}},"s":{"0":2,"1":2,"2":2,"3":2,"4":2,"5":2,"6":2,"7":1,"8":1,"9":1,"10":2,"11":2,"12":2,"13":0,"14":0,"15":0,"16":0,"17":0,"18":0,"19":0,"20":0,"21":0,"22":0,"23":0,"24":0,"25":0,"26":0,"27":0,"28":0,"29":0,"30":0,"31":0,"32":0,"33":4,"34":4,"35":0,"36":4,"37":1,"38":3,"39":3,"40":0,"41":3,"42":2,"43":2,"44":3,"45":1,"46":2,"47":2,"48":0,"49":0,"50":5,"51":5,"52":1,"53":4,"54":1,"55":3,"56":3,"57":3,"58":1,"59":1,"60":2,"61":2,"62":0,"63":2,"64":2,"65":0,"66":2,"67":0,"68":0,"69":0,"70":0,"71":2,"72":2,"73":1,"74":1,"75":1,"76":1,"77":1,"78":1,"79":1,"80":3,"81":3,"82":0,"83":3,"84":1,"85":2,"86":1,"87":1,"88":1,"89":2,"90":2},"f":{"0":1,"1":2,"2":0,"3":0,"4":4,"5":0,"6":0,"7":5,"8":3},"b":{"0":[0,0],"1":[0,0],"2":[0,0],"3":[0,0],"4":[0,0],"5":[0,0],"6":[0,4],"7":[1,3],"8":[0,3],"9":[2,1],"10":[1,2],"11":[2,0],"12":[1,4],"13":[1,3],"14":[3,3],"15":[1,2],"16":[0,2],"17":[0,2],"18":[0,2],"19":[0,0],"20":[1,1],"21":[0,3],"22":[1,2],"23":[1,1],"24":[2,0],"25":[2,2],"26":[2,0],"27":[2,2],"28":[2,0],"29":[2,2]}}
,"D:\\Huzaifa\\timeoff-system\\backend\\src\\sync\\sync.controller.ts": {"path":"D:\\Huzaifa\\timeoff-system\\backend\\src\\sync\\sync.controller.ts","statementMap":{"0":{"start":{"line":1,"column":0},"end":{"line":1,"column":55}},"1":{"start":{"line":2,"column":0},"end":{"line":2,"column":45}},"2":{"start":{"line":5,"column":7},"end":{"line":19,"column":null}},"3":{"start":{"line":6,"column":31},"end":{"line":6,"column":44}},"4":{"start":{"line":10,"column":20},"end":{"line":10,"column":62}},"5":{"start":{"line":11,"column":4},"end":{"line":11,"column":44}},"6":{"start":{"line":16,"column":17},"end":{"line":16,"column":55}},"7":{"start":{"line":17,"column":4},"end":{"line":17,"column":41}},"8":{"start":{"line":5,"column":13},"end":{"line":5,"column":27}},"9":{"start":{"line":9,"column":8},"end":{"line":12,"column":null}},"10":{"start":{"line":15,"column":8},"end":{"line":18,"column":null}},"11":{"start":{"line":5,"column":13},"end":{"line":19,"column":null}}},"fnMap":{"0":{"name":"(anonymous_2)","decl":{"start":{"line":6,"column":2},"end":{"line":6,"column":31}},"loc":{"start":{"line":6,"column":55},"end":{"line":6,"column":59}}},"1":{"name":"(anonymous_3)","decl":{"start":{"line":9,"column":8},"end":{"line":9,"column":15}},"loc":{"start":{"line":9,"column":15},"end":{"line":12,"column":3}}},"2":{"name":"(anonymous_4)","decl":{"start":{"line":15,"column":8},"end":{"line":15,"column":12}},"loc":{"start":{"line":15,"column":12},"end":{"line":18,"column":3}}}},"branchMap":{"0":{"loc":{"start":{"line":6,"column":44},"end":{"line":6,"column":58}},"type":"cond-expr","locations":[{"start":{"line":6,"column":55},"end":{"line":6,"column":58}},{"start":{"line":6,"column":55},"end":{"line":6,"column":58}}]},"1":{"loc":{"start":{"line":6,"column":44},"end":{"line":6,"column":55}},"type":"binary-expr","locations":[{"start":{"line":6,"column":44},"end":{"line":6,"column":58}},{"start":{"line":6,"column":44},"end":{"line":6,"column":55}}]}},"s":{"0":0,"1":0,"2":0,"3":0,"4":0,"5":0,"6":0,"7":0,"8":0,"9":0,"10":0,"11":0},"f":{"0":0,"1":0,"2":0},"b":{"0":[0,0],"1":[0,0]}}
,"D:\\Huzaifa\\timeoff-system\\backend\\src\\sync\\sync.module.ts": {"path":"D:\\Huzaifa\\timeoff-system\\backend\\src\\sync\\sync.module.ts","statementMap":{"0":{"start":{"line":1,"column":0},"end":{"line":1,"column":40}},"1":{"start":{"line":2,"column":0},"end":{"line":2,"column":48}},"2":{"start":{"line":3,"column":0},"end":{"line":3,"column":64}},"3":{"start":{"line":4,"column":0},"end":{"line":4,"column":64}},"4":{"start":{"line":5,"column":0},"end":{"line":5,"column":64}},"5":{"start":{"line":6,"column":0},"end":{"line":6,"column":54}},"6":{"start":{"line":7,"column":0},"end":{"line":7,"column":51}},"7":{"start":{"line":8,"column":0},"end":{"line":8,"column":45}},"8":{"start":{"line":15,"column":7},"end":{"line":15,"column":null}},"9":{"start":{"line":15,"column":13},"end":{"line":15,"column":23}},"10":{"start":{"line":15,"column":13},"end":{"line":15,"column":null}}},"fnMap":{},"branchMap":{},"s":{"0":0,"1":0,"2":0,"3":0,"4":0,"5":0,"6":0,"7":0,"8":0,"9":0,"10":0},"f":{},"b":{}}
,"D:\\Huzaifa\\timeoff-system\\backend\\src\\sync\\sync.service.ts": {"path":"D:\\Huzaifa\\timeoff-system\\backend\\src\\sync\\sync.service.ts","statementMap":{"0":{"start":{"line":1,"column":0},"end":{"line":1,"column":52}},"1":{"start":{"line":2,"column":0},"end":{"line":2,"column":40}},"2":{"start":{"line":3,"column":0},"end":{"line":3,"column":51}},"3":{"start":{"line":4,"column":0},"end":{"line":4,"column":37}},"4":{"start":{"line":5,"column":0},"end":{"line":5,"column":64}},"5":{"start":{"line":6,"column":0},"end":{"line":6,"column":64}},"6":{"start":{"line":7,"column":0},"end":{"line":7,"column":79}},"7":{"start":{"line":8,"column":0},"end":{"line":8,"column":76}},"8":{"start":{"line":11,"column":24},"end":{"line":93,"column":null}},"9":{"start":{"line":12,"column":28},"end":{"line":12,"column":56}},"10":{"start":{"line":15,"column":53},"end":{"line":15,"column":66}},"11":{"start":{"line":16,"column":53},"end":{"line":16,"column":66}},"12":{"start":{"line":17,"column":48},"end":{"line":17,"column":61}},"13":{"start":{"line":18,"column":21},"end":{"line":18,"column":32}},"14":{"start":{"line":23,"column":4},"end":{"line":27,"column":5}},"15":{"start":{"line":24,"column":6},"end":{"line":24,"column":43}},"16":{"start":{"line":26,"column":6},"end":{"line":26,"column":61}},"17":{"start":{"line":31,"column":25},"end":{"line":31,"column":75}},"18":{"start":{"line":32,"column":20},"end":{"line":32,"column":52}},"19":{"start":{"line":34,"column":4},"end":{"line":42,"column":5}},"20":{"start":{"line":35,"column":21},"end":{"line":40,"column":8}},"21":{"start":{"line":41,"column":6},"end":{"line":41,"column":49}},"22":{"start":{"line":44,"column":20},"end":{"line":44,"column":21}},"23":{"start":{"line":45,"column":18},"end":{"line":45,"column":19}},"24":{"start":{"line":47,"column":4},"end":{"line":77,"column":5}},"25":{"start":{"line":48,"column":27},"end":{"line":50,"column":8}},"26":{"start":{"line":52,"column":6},"end":{"line":55,"column":7}},"27":{"start":{"line":53,"column":8},"end":{"line":53,"column":21}},"28":{"start":{"line":54,"column":8},"end":{"line":54,"column":17}},"29":{"start":{"line":57,"column":18},"end":{"line":59,"column":8}},"30":{"start":{"line":61,"column":6},"end":{"line":73,"column":7}},"31":{"start":{"line":62,"column":8},"end":{"line":68,"column":11}},"32":{"start":{"line":70,"column":8},"end":{"line":70,"column":40}},"33":{"start":{"line":71,"column":8},"end":{"line":71,"column":38}},"34":{"start":{"line":72,"column":8},"end":{"line":72,"column":48}},"35":{"start":{"line":75,"column":6},"end":{"line":75,"column":41}},"36":{"start":{"line":76,"column":6},"end":{"line":76,"column":21}},"37":{"start":{"line":79,"column":19},"end":{"line":79,"column":72}},"38":{"start":{"line":80,"column":16},"end":{"line":85,"column":6}},"39":{"start":{"line":87,"column":4},"end":{"line":87,"column":44}},"40":{"start":{"line":91,"column":4},"end":{"line":91,"column":83}},"41":{"start":{"line":11,"column":13},"end":{"line":11,"column":24}},"42":{"start":{"line":22,"column":8},"end":{"line":28,"column":null}},"43":{"start":{"line":11,"column":13},"end":{"line":93,"column":null}}},"fnMap":{"0":{"name":"(anonymous_4)","decl":{"start":{"line":14,"column":2},"end":{"line":14,"column":null}},"loc":{"start":{"line":18,"column":48},"end":{"line":19,"column":6}}},"1":{"name":"(anonymous_5)","decl":{"start":{"line":22,"column":8},"end":{"line":22,"column":21}},"loc":{"start":{"line":22,"column":21},"end":{"line":28,"column":3}}},"2":{"name":"(anonymous_6)","decl":{"start":{"line":30,"column":2},"end":{"line":30,"column":7}},"loc":{"start":{"line":30,"column":64},"end":{"line":88,"column":3}}},"3":{"name":"(anonymous_7)","decl":{"start":{"line":90,"column":2},"end":{"line":90,"column":7}},"loc":{"start":{"line":90,"column":21},"end":{"line":92,"column":3}}}},"branchMap":{"0":{"loc":{"start":{"line":30,"column":18},"end":{"line":30,"column":64}},"type":"default-arg","locations":[{"start":{"line":30,"column":50},"end":{"line":30,"column":64}}]},"1":{"loc":{"start":{"line":31,"column":25},"end":{"line":31,"column":75}},"type":"cond-expr","locations":[{"start":{"line":31,"column":49},"end":{"line":31,"column":64}},{"start":{"line":31,"column":67},"end":{"line":31,"column":75}}]},"2":{"loc":{"start":{"line":34,"column":4},"end":{"line":42,"column":5}},"type":"if","locations":[{"start":{"line":34,"column":4},"end":{"line":42,"column":5}},{"start":{},"end":{}}]},"3":{"loc":{"start":{"line":34,"column":8},"end":{"line":34,"column":40}},"type":"binary-expr","locations":[{"start":{"line":34,"column":8},"end":{"line":34,"column":16}},{"start":{"line":34,"column":20},"end":{"line":34,"column":40}}]},"4":{"loc":{"start":{"line":52,"column":6},"end":{"line":55,"column":7}},"type":"if","locations":[{"start":{"line":52,"column":6},"end":{"line":55,"column":7}},{"start":{},"end":{}}]},"5":{"loc":{"start":{"line":61,"column":6},"end":{"line":73,"column":7}},"type":"if","locations":[{"start":{"line":61,"column":6},"end":{"line":73,"column":7}},{"start":{"line":69,"column":13},"end":{"line":73,"column":7}}]},"6":{"loc":{"start":{"line":79,"column":19},"end":{"line":79,"column":72}},"type":"cond-expr","locations":[{"start":{"line":79,"column":33},"end":{"line":79,"column":51}},{"start":{"line":79,"column":54},"end":{"line":79,"column":72}}]},"7":{"loc":{"start":{"line":84,"column":20},"end":{"line":84,"column":93}},"type":"cond-expr","locations":[{"start":{"line":84,"column":34},"end":{"line":84,"column":86}},{"start":{"line":84,"column":89},"end":{"line":84,"column":93}}]},"8":{"loc":{"start":{"line":15,"column":66},"end":{"line":15,"column":90}},"type":"cond-expr","locations":[{"start":{"line":15,"column":76},"end":{"line":15,"column":90}},{"start":{"line":15,"column":76},"end":{"line":15,"column":90}}]},"9":{"loc":{"start":{"line":15,"column":66},"end":{"line":15,"column":76}},"type":"binary-expr","locations":[{"start":{"line":15,"column":66},"end":{"line":15,"column":90}},{"start":{"line":15,"column":66},"end":{"line":15,"column":76}}]},"10":{"loc":{"start":{"line":15,"column":76},"end":{"line":16,"column":90}},"type":"cond-expr","locations":[{"start":{"line":16,"column":76},"end":{"line":16,"column":90}},{"start":{"line":16,"column":76},"end":{"line":16,"column":90}}]},"11":{"loc":{"start":{"line":15,"column":76},"end":{"line":16,"column":76}},"type":"binary-expr","locations":[{"start":{"line":15,"column":76},"end":{"line":16,"column":90}},{"start":{"line":16,"column":66},"end":{"line":16,"column":76}}]},"12":{"loc":{"start":{"line":16,"column":76},"end":{"line":17,"column":80}},"type":"cond-expr","locations":[{"start":{"line":17,"column":71},"end":{"line":17,"column":80}},{"start":{"line":17,"column":71},"end":{"line":17,"column":80}}]},"13":{"loc":{"start":{"line":16,"column":76},"end":{"line":17,"column":71}},"type":"binary-expr","locations":[{"start":{"line":16,"column":76},"end":{"line":17,"column":80}},{"start":{"line":17,"column":61},"end":{"line":17,"column":71}}]},"14":{"loc":{"start":{"line":17,"column":71},"end":{"line":18,"column":null}},"type":"cond-expr","locations":[{"start":{"line":18,"column":48},"end":{"line":18,"column":null}},{"start":{"line":18,"column":48},"end":{"line":18,"column":null}}]},"15":{"loc":{"start":{"line":17,"column":71},"end":{"line":18,"column":48}},"type":"binary-expr","locations":[{"start":{"line":17,"column":71},"end":{"line":18,"column":null}},{"start":{"line":18,"column":32},"end":{"line":18,"column":48}}]}},"s":{"0":1,"1":1,"2":1,"3":1,"4":1,"5":1,"6":1,"7":1,"8":1,"9":1,"10":1,"11":1,"12":1,"13":1,"14":0,"15":0,"16":0,"17":5,"18":5,"19":5,"20":1,"21":1,"22":4,"23":4,"24":4,"25":6,"26":6,"27":2,"28":2,"29":4,"30":4,"31":0,"32":4,"33":4,"34":4,"35":4,"36":4,"37":4,"38":4,"39":4,"40":0,"41":1,"42":1,"43":1},"f":{"0":1,"1":0,"2":5,"3":0},"b":{"0":[0],"1":[0,5],"2":[1,4],"3":[5,5],"4":[2,4],"5":[0,4],"6":[2,2],"7":[2,2],"8":[1,0],"9":[1,1],"10":[1,0],"11":[1,1],"12":[1,0],"13":[1,1],"14":[1,0],"15":[1,1]}}
}
