TN:
SF:src\app.module.ts
FN:20,(anonymous_1)
FNF:1
FNH:0
FNDA:0,(anonymous_1)
DA:1,0
DA:2,0
DA:3,0
DA:4,0
DA:5,0
DA:6,0
DA:7,0
DA:8,0
DA:9,0
DA:10,0
DA:11,0
DA:12,0
DA:21,0
DA:22,0
DA:24,0
DA:41,0
LF:16
LH:0
BRDA:22,0,0,0
BRDA:22,0,1,0
BRDA:26,1,0,0
BRDA:26,1,1,0
BRF:4
BRH:0
end_of_record
TN:
SF:src\main.ts
FN:18,(anonymous_1)
FN:40,(anonymous_2)
FN:42,(anonymous_3)
FN:50,bootstrap
FNF:4
FNH:0
FNDA:0,(anonymous_1)
FNDA:0,(anonymous_2)
FNDA:0,(anonymous_3)
FNDA:0,bootstrap
DA:1,0
DA:10,0
DA:12,0
DA:13,0
DA:14,0
DA:17,0
DA:19,0
DA:20,0
DA:23,0
DA:28,0
DA:32,0
DA:34,0
DA:39,0
DA:41,0
DA:43,0
DA:44,0
DA:51,0
DA:53,0
DA:54,0
DA:55,0
DA:56,0
DA:58,0
DA:59,0
DA:60,0
DA:62,0
LF:25
LH:0
BRDA:23,0,0,0
BRDA:23,0,1,0
BRDA:28,1,0,0
BRDA:28,1,1,0
BRDA:29,2,0,0
BRDA:29,2,1,0
BRDA:32,3,0,0
BRDA:32,3,1,0
BRDA:43,4,0,0
BRDA:43,4,1,0
BRDA:43,5,0,0
BRDA:43,5,1,0
BRDA:43,5,2,0
BRDA:58,6,0,0
BRDA:58,6,1,0
BRF:15
BRH:0
end_of_record
TN:
SF:src\auth\auth.controller.ts
FN:16,(anonymous_4)
FN:19,(anonymous_5)
FNF:2
FNH:0
FNDA:0,(anonymous_4)
FNDA:0,(anonymous_5)
DA:1,0
DA:2,0
DA:3,0
DA:7,0
DA:11,0
DA:15,0
DA:16,0
DA:19,0
DA:20,0
DA:21,0
LF:10
LH:0
BRDA:16,0,0,0
BRDA:16,0,1,0
BRDA:16,1,0,0
BRDA:16,1,1,0
BRF:4
BRH:0
end_of_record
TN:
SF:src\auth\auth.module.ts
FNF:0
FNH:0
DA:1,0
DA:2,0
DA:3,0
DA:4,0
DA:5,0
DA:12,0
LF:6
LH:0
BRF:0
BRH:0
end_of_record
TN:
SF:src\auth\auth.service.ts
FN:9,(anonymous_13)
FN:13,(anonymous_14)
FNF:2
FNH:2
FNDA:3,(anonymous_13)
FNDA:3,(anonymous_14)
DA:1,1
DA:2,1
DA:3,1
DA:4,1
DA:5,1
DA:8,1
DA:10,3
DA:14,3
DA:15,3
DA:17,2
DA:18,2
DA:20,1
DA:21,1
LF:13
LH:13
BRDA:15,0,0,1
BRDA:15,0,1,2
BRDA:18,1,0,1
BRDA:18,1,1,1
BRDA:10,2,0,1
BRDA:10,2,1,0
BRDA:10,3,0,1
BRDA:10,3,1,1
BRF:8
BRH:7
end_of_record
TN:
SF:src\common\hcm-client.service.ts
FN:20,(anonymous_3)
FN:24,(anonymous_4)
FN:38,(anonymous_5)
FN:53,(anonymous_6)
FN:68,(anonymous_7)
FN:79,(anonymous_8)
FNF:6
FNH:5
FNDA:7,(anonymous_3)
FNDA:2,(anonymous_4)
FNDA:2,(anonymous_5)
FNDA:1,(anonymous_6)
FNDA:2,(anonymous_7)
FNDA:0,(anonymous_8)
DA:1,4
DA:2,4
DA:3,4
DA:16,4
DA:17,7
DA:20,7
DA:21,7
DA:25,2
DA:26,2
DA:30,1
DA:31,0
DA:33,1
DA:34,1
DA:39,2
DA:40,2
DA:46,1
DA:48,1
DA:49,1
DA:54,1
DA:55,1
DA:61,1
DA:63,0
DA:64,0
DA:69,2
DA:70,2
DA:71,1
DA:72,0
DA:74,1
DA:75,1
DA:80,0
DA:81,0
DA:87,0
DA:89,0
DA:90,0
LF:34
LH:25
BRDA:21,0,0,7
BRDA:21,0,1,0
BRDA:30,1,0,1
BRDA:30,1,1,0
BRDA:71,2,0,1
BRDA:71,2,1,0
BRDA:71,3,0,1
BRDA:71,3,1,0
BRDA:20,4,0,4
BRDA:20,4,1,0
BRDA:20,5,0,4
BRDA:20,5,1,4
BRF:12
BRH:7
end_of_record
TN:
SF:src\common\seed.service.ts
FN:12,(anonymous_13)
FN:17,(anonymous_14)
FN:55,(anonymous_15)
FNF:3
FNH:0
FNDA:0,(anonymous_13)
FNDA:0,(anonymous_14)
FNDA:0,(anonymous_15)
DA:1,0
DA:2,0
DA:3,0
DA:4,0
DA:5,0
DA:6,0
DA:9,0
DA:10,0
DA:13,0
DA:14,0
DA:18,0
DA:19,0
DA:21,0
DA:22,0
DA:24,0
DA:55,0
DA:57,0
DA:81,0
LF:18
LH:0
BRDA:19,0,0,0
BRDA:19,0,1,0
BRDA:13,1,0,0
BRDA:13,1,1,0
BRDA:13,2,0,0
BRDA:13,2,1,0
BRDA:13,3,0,0
BRDA:13,3,1,0
BRDA:13,4,0,0
BRDA:13,4,1,0
BRF:10
BRH:0
end_of_record
TN:
SF:src\entities\employee.entity.ts
FN:3,(anonymous_2)
FNF:1
FNH:1
FNDA:1,(anonymous_2)
DA:1,1
DA:3,1
DA:4,1
DA:5,1
DA:9,1
DA:11,1
DA:14,1
DA:17,1
DA:20,1
DA:23,1
DA:26,1
DA:29,1
LF:12
LH:12
BRDA:3,0,0,1
BRDA:3,0,1,1
BRDA:29,1,0,1
BRDA:29,1,1,0
BRDA:29,2,0,1
BRDA:29,2,1,1
BRF:6
BRH:5
end_of_record
TN:
SF:src\entities\leave-balance.entity.ts
FNF:0
FNH:0
DA:1,3
DA:12,3
DA:14,3
DA:17,3
DA:20,3
DA:23,3
DA:26,3
DA:29,3
DA:32,3
DA:35,3
LF:10
LH:10
BRDA:32,0,0,3
BRDA:32,0,1,0
BRDA:32,1,0,3
BRDA:32,1,1,3
BRF:4
BRH:3
end_of_record
TN:
SF:src\entities\leave-request.entity.ts
FN:10,(anonymous_2)
FNF:1
FNH:1
FNDA:3,(anonymous_2)
DA:1,3
DA:10,3
DA:11,3
DA:12,3
DA:13,3
DA:14,3
DA:19,3
DA:21,3
DA:24,3
DA:27,3
DA:30,3
DA:33,3
DA:36,3
DA:39,3
DA:42,3
DA:45,3
DA:48,3
DA:51,3
LF:18
LH:18
BRDA:10,0,0,3
BRDA:10,0,1,3
BRDA:48,1,0,3
BRDA:48,1,1,0
BRDA:48,2,0,3
BRDA:48,2,1,3
BRDA:51,3,0,3
BRDA:51,3,1,0
BRDA:51,4,0,3
BRDA:51,4,1,3
BRF:10
BRH:8
end_of_record
TN:
SF:src\entities\sync-log.entity.ts
FN:3,(anonymous_2)
FN:9,(anonymous_3)
FNF:2
FNH:2
FNDA:1,(anonymous_2)
FNDA:1,(anonymous_3)
DA:1,1
DA:3,1
DA:4,1
DA:5,1
DA:6,1
DA:9,1
DA:10,1
DA:11,1
DA:12,1
DA:16,1
DA:18,1
DA:21,1
DA:24,1
DA:27,1
DA:30,1
DA:33,1
LF:16
LH:16
BRDA:3,0,0,1
BRDA:3,0,1,1
BRDA:9,1,0,1
BRDA:9,1,1,1
BRDA:33,2,0,1
BRDA:33,2,1,0
BRDA:33,3,0,1
BRDA:33,3,1,1
BRF:8
BRH:7
end_of_record
TN:
SF:src\hcm-mock\hcm-server.ts
FN:16,(anonymous_1)
FN:28,(anonymous_2)
FN:30,(anonymous_3)
FN:39,(anonymous_4)
FN:56,(anonymous_5)
FN:71,(anonymous_6)
FN:75,(anonymous_7)
FN:91,(anonymous_8)
FNF:8
FNH:0
FNDA:0,(anonymous_1)
FNDA:0,(anonymous_2)
FNDA:0,(anonymous_3)
FNDA:0,(anonymous_4)
FNDA:0,(anonymous_5)
FNDA:0,(anonymous_6)
FNDA:0,(anonymous_7)
FNDA:0,(anonymous_8)
DA:1,0
DA:2,0
DA:12,0
DA:13,0
DA:14,0
DA:16,0
DA:18,0
DA:19,0
DA:22,0
DA:28,0
DA:30,0
DA:31,0
DA:32,0
DA:33,0
DA:34,0
DA:35,0
DA:36,0
DA:39,0
DA:40,0
DA:45,0
DA:46,0
DA:47,0
DA:48,0
DA:49,0
DA:51,0
DA:52,0
DA:53,0
DA:56,0
DA:57,0
DA:62,0
DA:63,0
DA:64,0
DA:66,0
DA:67,0
DA:68,0
DA:71,0
DA:72,0
DA:75,0
DA:76,0
DA:81,0
DA:82,0
DA:83,0
DA:85,0
DA:86,0
DA:87,0
DA:90,0
DA:91,0
DA:93,0
LF:48
LH:0
BRDA:32,0,0,0
BRDA:32,0,1,0
BRDA:35,1,0,0
BRDA:35,1,1,0
BRDA:47,2,0,0
BRDA:47,2,1,0
BRDA:48,3,0,0
BRDA:48,3,1,0
BRDA:64,4,0,0
BRDA:64,4,1,0
BRDA:83,5,0,0
BRDA:83,5,1,0
BRF:12
BRH:0
end_of_record
TN:
SF:src\leave\leave.controller.ts
FN:41,(anonymous_4)
FN:44,(anonymous_5)
FN:50,(anonymous_6)
FN:56,(anonymous_7)
FN:62,(anonymous_8)
FN:68,(anonymous_9)
FN:75,(anonymous_10)
FN:81,(anonymous_11)
FNF:8
FNH:4
FNDA:4,(anonymous_4)
FNDA:0,(anonymous_5)
FNDA:0,(anonymous_6)
FNDA:2,(anonymous_7)
FNDA:0,(anonymous_8)
FNDA:0,(anonymous_9)
FNDA:1,(anonymous_10)
FNDA:1,(anonymous_11)
DA:1,1
DA:2,1
DA:3,1
DA:7,1
DA:10,1
DA:14,1
DA:18,1
DA:23,1
DA:27,1
DA:31,1
DA:36,1
DA:40,1
DA:41,4
DA:44,1
DA:45,0
DA:46,0
DA:50,1
DA:51,0
DA:52,0
DA:56,1
DA:57,2
DA:58,1
DA:62,1
DA:63,0
DA:64,0
DA:68,1
DA:69,0
DA:70,0
DA:75,1
DA:76,1
DA:77,1
DA:81,1
DA:82,1
DA:83,1
LF:34
LH:26
BRDA:41,0,0,1
BRDA:41,0,1,0
BRDA:41,1,0,1
BRDA:41,1,1,1
BRF:4
BRH:3
end_of_record
TN:
SF:src\leave\leave.module.ts
FNF:0
FNH:0
DA:1,0
DA:2,0
DA:3,0
DA:4,0
DA:5,0
DA:6,0
DA:7,0
DA:15,0
LF:8
LH:0
BRF:0
BRH:0
end_of_record
TN:
SF:src\leave\leave.service.ts
FN:29,(anonymous_4)
FN:35,(anonymous_5)
FN:41,(anonymous_6)
FN:56,(anonymous_7)
FN:67,(anonymous_8)
FN:103,(anonymous_9)
FN:110,(anonymous_10)
FN:117,(anonymous_11)
FN:158,(anonymous_12)
FNF:9
FNH:5
FNDA:1,(anonymous_4)
FNDA:2,(anonymous_5)
FNDA:0,(anonymous_6)
FNDA:0,(anonymous_7)
FNDA:4,(anonymous_8)
FNDA:0,(anonymous_9)
FNDA:0,(anonymous_10)
FNDA:5,(anonymous_11)
FNDA:3,(anonymous_12)
DA:1,2
DA:8,2
DA:9,2
DA:10,2
DA:11,2
DA:12,2
DA:28,2
DA:30,1
DA:31,1
DA:32,1
DA:36,2
DA:37,2
DA:38,2
DA:42,0
DA:43,0
DA:45,0
DA:46,0
DA:47,0
DA:49,0
DA:50,0
DA:52,0
DA:53,0
DA:57,0
DA:58,0
DA:60,0
DA:61,0
DA:63,0
DA:64,0
DA:68,4
DA:71,4
DA:73,4
DA:74,1
DA:77,3
DA:78,3
DA:80,3
DA:81,2
DA:82,2
DA:85,3
DA:86,1
DA:89,2
DA:100,2
DA:104,0
DA:111,0
DA:118,5
DA:119,5
DA:120,4
DA:122,3
DA:123,3
DA:125,3
DA:126,1
DA:127,1
DA:130,2
DA:133,2
DA:135,2
DA:136,2
DA:138,2
DA:139,0
DA:140,0
DA:141,0
DA:143,0
DA:146,2
DA:147,2
DA:149,1
DA:150,1
DA:151,1
DA:153,1
DA:154,1
DA:155,1
DA:159,3
DA:160,3
DA:161,3
DA:162,2
DA:163,1
DA:166,1
DA:167,1
LF:75
LH:54
BRDA:43,0,0,0
BRDA:43,0,1,0
BRDA:45,1,0,0
BRDA:45,1,1,0
BRDA:47,2,0,0
BRDA:47,2,1,0
BRDA:50,3,0,0
BRDA:50,3,1,0
BRDA:58,4,0,0
BRDA:58,4,1,0
BRDA:61,5,0,0
BRDA:61,5,1,0
BRDA:71,6,0,0
BRDA:71,6,1,4
BRDA:73,7,0,1
BRDA:73,7,1,3
BRDA:78,8,0,0
BRDA:78,8,1,3
BRDA:80,9,0,2
BRDA:80,9,1,1
BRDA:85,10,0,1
BRDA:85,10,1,2
BRDA:93,11,0,2
BRDA:93,11,1,0
BRDA:119,12,0,1
BRDA:119,12,1,4
BRDA:120,13,0,1
BRDA:120,13,1,3
BRDA:123,14,0,3
BRDA:123,14,1,3
BRDA:125,15,0,1
BRDA:125,15,1,2
BRDA:133,16,0,0
BRDA:133,16,1,2
BRDA:136,17,0,0
BRDA:136,17,1,2
BRDA:138,18,0,0
BRDA:138,18,1,2
BRDA:139,19,0,0
BRDA:139,19,1,0
BRDA:147,20,0,1
BRDA:147,20,1,1
BRDA:160,21,0,0
BRDA:160,21,1,3
BRDA:161,22,0,1
BRDA:161,22,1,2
BRDA:162,23,0,1
BRDA:162,23,1,1
BRDA:30,24,0,2
BRDA:30,24,1,0
BRDA:30,25,0,2
BRDA:30,25,1,2
BRDA:30,26,0,2
BRDA:30,26,1,0
BRDA:30,27,0,2
BRDA:30,27,1,2
BRDA:31,28,0,2
BRDA:31,28,1,0
BRDA:31,29,0,2
BRDA:31,29,1,2
BRF:60
BRH:36
end_of_record
TN:
SF:src\sync\sync.controller.ts
FN:6,(anonymous_2)
FN:9,(anonymous_3)
FN:15,(anonymous_4)
FNF:3
FNH:0
FNDA:0,(anonymous_2)
FNDA:0,(anonymous_3)
FNDA:0,(anonymous_4)
DA:1,0
DA:2,0
DA:5,0
DA:6,0
DA:9,0
DA:10,0
DA:11,0
DA:15,0
DA:16,0
DA:17,0
LF:10
LH:0
BRDA:6,0,0,0
BRDA:6,0,1,0
BRDA:6,1,0,0
BRDA:6,1,1,0
BRF:4
BRH:0
end_of_record
TN:
SF:src\sync\sync.module.ts
FNF:0
FNH:0
DA:1,0
DA:2,0
DA:3,0
DA:4,0
DA:5,0
DA:6,0
DA:7,0
DA:8,0
DA:15,0
LF:9
LH:0
BRF:0
BRH:0
end_of_record
TN:
SF:src\sync\sync.service.ts
FN:14,(anonymous_4)
FN:22,(anonymous_5)
FN:30,(anonymous_6)
FN:90,(anonymous_7)
FNF:4
FNH:2
FNDA:1,(anonymous_4)
FNDA:0,(anonymous_5)
FNDA:5,(anonymous_6)
FNDA:0,(anonymous_7)
DA:1,1
DA:2,1
DA:3,1
DA:4,1
DA:5,1
DA:6,1
DA:7,1
DA:8,1
DA:11,1
DA:12,1
DA:15,1
DA:16,1
DA:17,1
DA:18,1
DA:22,1
DA:23,0
DA:24,0
DA:26,0
DA:31,5
DA:32,5
DA:34,5
DA:35,1
DA:41,1
DA:44,4
DA:45,4
DA:47,4
DA:48,6
DA:52,6
DA:53,2
DA:54,2
DA:57,4
DA:61,4
DA:62,0
DA:70,4
DA:71,4
DA:72,4
DA:75,4
DA:76,4
DA:79,4
DA:80,4
DA:87,4
DA:91,0
LF:42
LH:37
BRDA:30,0,0,0
BRDA:31,1,0,0
BRDA:31,1,1,5
BRDA:34,2,0,1
BRDA:34,2,1,4
BRDA:34,3,0,5
BRDA:34,3,1,5
BRDA:52,4,0,2
BRDA:52,4,1,4
BRDA:61,5,0,0
BRDA:61,5,1,4
BRDA:79,6,0,2
BRDA:79,6,1,2
BRDA:84,7,0,2
BRDA:84,7,1,2
BRDA:15,8,0,1
BRDA:15,8,1,0
BRDA:15,9,0,1
BRDA:15,9,1,1
BRDA:15,10,0,1
BRDA:15,10,1,0
BRDA:15,11,0,1
BRDA:15,11,1,1
BRDA:16,12,0,1
BRDA:16,12,1,0
BRDA:16,13,0,1
BRDA:16,13,1,1
BRDA:17,14,0,1
BRDA:17,14,1,0
BRDA:17,15,0,1
BRDA:17,15,1,1
BRF:31
BRH:24
end_of_record
